running egg_info
writing ../../build/cctv_perception/cctv_perception.egg-info/PKG-INFO
writing dependency_links to ../../build/cctv_perception/cctv_perception.egg-info/dependency_links.txt
writing entry points to ../../build/cctv_perception/cctv_perception.egg-info/entry_points.txt
writing requirements to ../../build/cctv_perception/cctv_perception.egg-info/requires.txt
writing top-level names to ../../build/cctv_perception/cctv_perception.egg-info/top_level.txt
reading manifest file '../../build/cctv_perception/cctv_perception.egg-info/SOURCES.txt'
writing manifest file '../../build/cctv_perception/cctv_perception.egg-info/SOURCES.txt'
running build
running build_py
running install
running install_lib
running install_data
running install_egg_info
removing '/home/shiha/ros2_ws/install/cctv_perception/lib/python3.12/site-packages/cctv_perception-0.0.0-py3.12.egg-info' (and everything under it)
Copying ../../build/cctv_perception/cctv_perception.egg-info to /home/shiha/ros2_ws/install/cctv_perception/lib/python3.12/site-packages/cctv_perception-0.0.0-py3.12.egg-info
running install_scripts
Installing calibrate script to /home/shiha/ros2_ws/install/cctv_perception/lib/cctv_perception
Installing cctv_fusion_node script to /home/shiha/ros2_ws/install/cctv_perception/lib/cctv_perception
writing list of installed files to '/home/shiha/ros2_ws/build/cctv_perception/install.log'
