[1.135s] Invoking command in '/home/shiha/ros2_ws/src/cctv_perception': CONDA_PROMPT_MODIFIER=(base) PYTHONPATH=/home/shiha/ros2_ws/build/cctv_perception/prefix_override:/usr/lib/python3/dist-packages/colcon_core/task/python/colcon_distutils_commands:/home/shiha/ros2_ws/install/cctv_perception/lib/python3.12/site-packages:${PYTHONPATH} /usr/bin/python3 -W ignore:setup.py install is deprecated -W ignore:easy_install command is deprecated setup.py egg_info --egg-base ../../build/cctv_perception build --build-base /home/shiha/ros2_ws/build/cctv_perception/build install --record /home/shiha/ros2_ws/build/cctv_perception/install.log --single-version-externally-managed install_data
[1.344s] running egg_info
[1.359s] writing ../../build/cctv_perception/cctv_perception.egg-info/PKG-INFO
[1.359s] writing dependency_links to ../../build/cctv_perception/cctv_perception.egg-info/dependency_links.txt
[1.359s] writing entry points to ../../build/cctv_perception/cctv_perception.egg-info/entry_points.txt
[1.359s] writing requirements to ../../build/cctv_perception/cctv_perception.egg-info/requires.txt
[1.360s] writing top-level names to ../../build/cctv_perception/cctv_perception.egg-info/top_level.txt
[1.386s] reading manifest file '../../build/cctv_perception/cctv_perception.egg-info/SOURCES.txt'
[1.388s] writing manifest file '../../build/cctv_perception/cctv_perception.egg-info/SOURCES.txt'
[1.388s] running build
[1.388s] running build_py
[1.388s] running install
[1.392s] running install_lib
[1.409s] running install_data
[1.409s] running install_egg_info
[1.425s] removing '/home/shiha/ros2_ws/install/cctv_perception/lib/python3.12/site-packages/cctv_perception-0.0.0-py3.12.egg-info' (and everything under it)
[1.425s] Copying ../../build/cctv_perception/cctv_perception.egg-info to /home/shiha/ros2_ws/install/cctv_perception/lib/python3.12/site-packages/cctv_perception-0.0.0-py3.12.egg-info
[1.427s] running install_scripts
[1.536s] Installing calibrate script to /home/shiha/ros2_ws/install/cctv_perception/lib/cctv_perception
[1.537s] Installing cctv_fusion_node script to /home/shiha/ros2_ws/install/cctv_perception/lib/cctv_perception
[1.537s] writing list of installed files to '/home/shiha/ros2_ws/build/cctv_perception/install.log'
[1.581s] Invoked command in '/home/shiha/ros2_ws/src/cctv_perception' returned '0': CONDA_PROMPT_MODIFIER=(base) PYTHONPATH=/home/shiha/ros2_ws/build/cctv_perception/prefix_override:/usr/lib/python3/dist-packages/colcon_core/task/python/colcon_distutils_commands:/home/shiha/ros2_ws/install/cctv_perception/lib/python3.12/site-packages:${PYTHONPATH} /usr/bin/python3 -W ignore:setup.py install is deprecated -W ignore:easy_install command is deprecated setup.py egg_info --egg-base ../../build/cctv_perception build --build-base /home/shiha/ros2_ws/build/cctv_perception/build install --record /home/shiha/ros2_ws/build/cctv_perception/install.log --single-version-externally-managed install_data
