/home/shiha/ros2_ws/install/parking_sim/lib/python3.12/site-packages/parking_sim/visualizer.py
/home/shiha/ros2_ws/install/parking_sim/lib/python3.12/site-packages/parking_sim/sim_aruco_sync.py
/home/shiha/ros2_ws/install/parking_sim/lib/python3.12/site-packages/parking_sim/__init__.py
/home/shiha/ros2_ws/install/parking_sim/lib/python3.12/site-packages/parking_sim/sim_robot.py
/home/shiha/ros2_ws/install/parking_sim/lib/python3.12/site-packages/parking_sim/nav_controller.py
/home/shiha/ros2_ws/install/parking_sim/lib/python3.12/site-packages/parking_sim/sim_cctv.py
/home/shiha/ros2_ws/install/parking_sim/lib/python3.12/site-packages/parking_sim/__pycache__/visualizer.cpython-312.pyc
/home/shiha/ros2_ws/install/parking_sim/lib/python3.12/site-packages/parking_sim/__pycache__/sim_aruco_sync.cpython-312.pyc
/home/shiha/ros2_ws/install/parking_sim/lib/python3.12/site-packages/parking_sim/__pycache__/__init__.cpython-312.pyc
/home/shiha/ros2_ws/install/parking_sim/lib/python3.12/site-packages/parking_sim/__pycache__/sim_robot.cpython-312.pyc
/home/shiha/ros2_ws/install/parking_sim/lib/python3.12/site-packages/parking_sim/__pycache__/nav_controller.cpython-312.pyc
/home/shiha/ros2_ws/install/parking_sim/lib/python3.12/site-packages/parking_sim/__pycache__/sim_cctv.cpython-312.pyc
/home/shiha/ros2_ws/install/parking_sim/share/parking_sim/package.xml
/home/shiha/ros2_ws/install/parking_sim/share/parking_sim/launch/sim_launch.py
/home/shiha/ros2_ws/install/parking_sim/lib/python3.12/site-packages/parking_sim-1.0.0-py3.12.egg-info/entry_points.txt
/home/shiha/ros2_ws/install/parking_sim/lib/python3.12/site-packages/parking_sim-1.0.0-py3.12.egg-info/dependency_links.txt
/home/shiha/ros2_ws/install/parking_sim/lib/python3.12/site-packages/parking_sim-1.0.0-py3.12.egg-info/SOURCES.txt
/home/shiha/ros2_ws/install/parking_sim/lib/python3.12/site-packages/parking_sim-1.0.0-py3.12.egg-info/requires.txt
/home/shiha/ros2_ws/install/parking_sim/lib/python3.12/site-packages/parking_sim-1.0.0-py3.12.egg-info/top_level.txt
/home/shiha/ros2_ws/install/parking_sim/lib/python3.12/site-packages/parking_sim-1.0.0-py3.12.egg-info/zip-safe
/home/shiha/ros2_ws/install/parking_sim/lib/python3.12/site-packages/parking_sim-1.0.0-py3.12.egg-info/PKG-INFO
/home/shiha/ros2_ws/install/parking_sim/lib/parking_sim/cctv
/home/shiha/ros2_ws/install/parking_sim/lib/parking_sim/controller
/home/shiha/ros2_ws/install/parking_sim/lib/parking_sim/robot
/home/shiha/ros2_ws/install/parking_sim/lib/parking_sim/sim_aruco_sync
/home/shiha/ros2_ws/install/parking_sim/lib/parking_sim/visualizer
