[1.249s] Invoking command in '/home/shiha/ros2_ws/src/cctv_perception': CONDA_PROMPT_MODIFIER=(base) PYTHONPATH=/home/shiha/ros2_ws/build/cctv_perception/prefix_override:/usr/lib/python3/dist-packages/colcon_core/task/python/colcon_distutils_commands:/home/shiha/ros2_ws/install/cctv_perception/lib/python3.12/site-packages:${PYTHONPATH} /usr/bin/python3 -W ignore:setup.py install is deprecated -W ignore:easy_install command is deprecated setup.py egg_info --egg-base ../../build/cctv_perception build --build-base /home/shiha/ros2_ws/build/cctv_perception/build install --record /home/shiha/ros2_ws/build/cctv_perception/install.log --single-version-externally-managed install_data
[1.477s] running egg_info
[1.478s] creating ../../build/cctv_perception/cctv_perception.egg-info
[1.490s] writing ../../build/cctv_perception/cctv_perception.egg-info/PKG-INFO
[1.490s] writing dependency_links to ../../build/cctv_perception/cctv_perception.egg-info/dependency_links.txt
[1.490s] writing entry points to ../../build/cctv_perception/cctv_perception.egg-info/entry_points.txt
[1.491s] writing requirements to ../../build/cctv_perception/cctv_perception.egg-info/requires.txt
[1.491s] writing top-level names to ../../build/cctv_perception/cctv_perception.egg-info/top_level.txt
[1.491s] writing manifest file '../../build/cctv_perception/cctv_perception.egg-info/SOURCES.txt'
[1.518s] reading manifest file '../../build/cctv_perception/cctv_perception.egg-info/SOURCES.txt'
[1.518s] writing manifest file '../../build/cctv_perception/cctv_perception.egg-info/SOURCES.txt'
[1.518s] running build
[1.518s] running build_py
[1.519s] creating /home/shiha/ros2_ws/build/cctv_perception/build
[1.519s] creating /home/shiha/ros2_ws/build/cctv_perception/build/lib
[1.519s] creating /home/shiha/ros2_ws/build/cctv_perception/build/lib/cctv_perception
[1.520s] copying cctv_perception/__init__.py -> /home/shiha/ros2_ws/build/cctv_perception/build/lib/cctv_perception
[1.520s] copying cctv_perception/cctv_fusion_node.py -> /home/shiha/ros2_ws/build/cctv_perception/build/lib/cctv_perception
[1.520s] copying cctv_perception/calibrate.py -> /home/shiha/ros2_ws/build/cctv_perception/build/lib/cctv_perception
[1.520s] running install
[1.524s] running install_lib
[1.537s] creating /home/shiha/ros2_ws/install/cctv_perception/lib/python3.12/site-packages/cctv_perception
[1.537s] copying /home/shiha/ros2_ws/build/cctv_perception/build/lib/cctv_perception/__init__.py -> /home/shiha/ros2_ws/install/cctv_perception/lib/python3.12/site-packages/cctv_perception
[1.537s] copying /home/shiha/ros2_ws/build/cctv_perception/build/lib/cctv_perception/cctv_fusion_node.py -> /home/shiha/ros2_ws/install/cctv_perception/lib/python3.12/site-packages/cctv_perception
[1.538s] copying /home/shiha/ros2_ws/build/cctv_perception/build/lib/cctv_perception/calibrate.py -> /home/shiha/ros2_ws/install/cctv_perception/lib/python3.12/site-packages/cctv_perception
[1.538s] byte-compiling /home/shiha/ros2_ws/install/cctv_perception/lib/python3.12/site-packages/cctv_perception/__init__.py to __init__.cpython-312.pyc
[1.538s] byte-compiling /home/shiha/ros2_ws/install/cctv_perception/lib/python3.12/site-packages/cctv_perception/cctv_fusion_node.py to cctv_fusion_node.cpython-312.pyc
[1.541s] byte-compiling /home/shiha/ros2_ws/install/cctv_perception/lib/python3.12/site-packages/cctv_perception/calibrate.py to calibrate.cpython-312.pyc
[1.542s] running install_data
[1.542s] creating /home/shiha/ros2_ws/install/cctv_perception/share/ament_index
[1.543s] creating /home/shiha/ros2_ws/install/cctv_perception/share/ament_index/resource_index
[1.543s] creating /home/shiha/ros2_ws/install/cctv_perception/share/ament_index/resource_index/packages
[1.543s] copying resource/cctv_perception -> /home/shiha/ros2_ws/install/cctv_perception/share/ament_index/resource_index/packages
[1.544s] copying package.xml -> /home/shiha/ros2_ws/install/cctv_perception/share/cctv_perception
[1.544s] running install_egg_info
[1.558s] Copying ../../build/cctv_perception/cctv_perception.egg-info to /home/shiha/ros2_ws/install/cctv_perception/lib/python3.12/site-packages/cctv_perception-0.0.0-py3.12.egg-info
[1.558s] running install_scripts
[1.648s] Installing calibrate script to /home/shiha/ros2_ws/install/cctv_perception/lib/cctv_perception
[1.648s] Installing cctv_fusion_node script to /home/shiha/ros2_ws/install/cctv_perception/lib/cctv_perception
[1.648s] writing list of installed files to '/home/shiha/ros2_ws/build/cctv_perception/install.log'
[1.688s] Invoked command in '/home/shiha/ros2_ws/src/cctv_perception' returned '0': CONDA_PROMPT_MODIFIER=(base) PYTHONPATH=/home/shiha/ros2_ws/build/cctv_perception/prefix_override:/usr/lib/python3/dist-packages/colcon_core/task/python/colcon_distutils_commands:/home/shiha/ros2_ws/install/cctv_perception/lib/python3.12/site-packages:${PYTHONPATH} /usr/bin/python3 -W ignore:setup.py install is deprecated -W ignore:easy_install command is deprecated setup.py egg_info --egg-base ../../build/cctv_perception build --build-base /home/shiha/ros2_ws/build/cctv_perception/build install --record /home/shiha/ros2_ws/build/cctv_perception/install.log --single-version-externally-managed install_data
