running egg_info
writing ../../build/my_python_pkg/my_python_pkg.egg-info/PKG-INFO
writing dependency_links to ../../build/my_python_pkg/my_python_pkg.egg-info/dependency_links.txt
writing entry points to ../../build/my_python_pkg/my_python_pkg.egg-info/entry_points.txt
writing requirements to ../../build/my_python_pkg/my_python_pkg.egg-info/requires.txt
writing top-level names to ../../build/my_python_pkg/my_python_pkg.egg-info/top_level.txt
reading manifest file '../../build/my_python_pkg/my_python_pkg.egg-info/SOURCES.txt'
writing manifest file '../../build/my_python_pkg/my_python_pkg.egg-info/SOURCES.txt'
running build
running build_py
copying my_python_pkg/sync_controller_aruco.py -> /home/shiha/ros2_ws/build/my_python_pkg/build/lib/my_python_pkg
copying my_python_pkg/sim_aruco_sync.py -> /home/shiha/ros2_ws/build/my_python_pkg/build/lib/my_python_pkg
copying my_python_pkg/aruco_relative_pose.py -> /home/shiha/ros2_ws/build/my_python_pkg/build/lib/my_python_pkg
running install
running install_lib
copying /home/shiha/ros2_ws/build/my_python_pkg/build/lib/my_python_pkg/sync_controller_aruco.py -> /home/shiha/ros2_ws/install/my_python_pkg/lib/python3.12/site-packages/my_python_pkg
copying /home/shiha/ros2_ws/build/my_python_pkg/build/lib/my_python_pkg/sim_aruco_sync.py -> /home/shiha/ros2_ws/install/my_python_pkg/lib/python3.12/site-packages/my_python_pkg
copying /home/shiha/ros2_ws/build/my_python_pkg/build/lib/my_python_pkg/aruco_relative_pose.py -> /home/shiha/ros2_ws/install/my_python_pkg/lib/python3.12/site-packages/my_python_pkg
byte-compiling /home/shiha/ros2_ws/install/my_python_pkg/lib/python3.12/site-packages/my_python_pkg/sync_controller_aruco.py to sync_controller_aruco.cpython-312.pyc
byte-compiling /home/shiha/ros2_ws/install/my_python_pkg/lib/python3.12/site-packages/my_python_pkg/sim_aruco_sync.py to sim_aruco_sync.cpython-312.pyc
byte-compiling /home/shiha/ros2_ws/install/my_python_pkg/lib/python3.12/site-packages/my_python_pkg/aruco_relative_pose.py to aruco_relative_pose.cpython-312.pyc
running install_data
running install_egg_info
removing '/home/shiha/ros2_ws/install/my_python_pkg/lib/python3.12/site-packages/my_python_pkg-0.0.0-py3.12.egg-info' (and everything under it)
Copying ../../build/my_python_pkg/my_python_pkg.egg-info to /home/shiha/ros2_ws/install/my_python_pkg/lib/python3.12/site-packages/my_python_pkg-0.0.0-py3.12.egg-info
running install_scripts
Installing my_node script to /home/shiha/ros2_ws/install/my_python_pkg/lib/my_python_pkg
Installing sync_controller script to /home/shiha/ros2_ws/install/my_python_pkg/lib/my_python_pkg
writing list of installed files to '/home/shiha/ros2_ws/build/my_python_pkg/install.log'
