/home/shiha/ros2_ws/install/my_python_pkg/lib/python3.12/site-packages/my_python_pkg/sync_controller_aruco.py
/home/shiha/ros2_ws/install/my_python_pkg/lib/python3.12/site-packages/my_python_pkg/sim_launch.py
/home/shiha/ros2_ws/install/my_python_pkg/lib/python3.12/site-packages/my_python_pkg/visualizer.py
/home/shiha/ros2_ws/install/my_python_pkg/lib/python3.12/site-packages/my_python_pkg/__init__.py
/home/shiha/ros2_ws/install/my_python_pkg/lib/python3.12/site-packages/my_python_pkg/sim_robot.py
/home/shiha/ros2_ws/install/my_python_pkg/lib/python3.12/site-packages/my_python_pkg/aruco_relative_pose.py
/home/shiha/ros2_ws/install/my_python_pkg/lib/python3.12/site-packages/my_python_pkg/nav_controller.py
/home/shiha/ros2_ws/install/my_python_pkg/lib/python3.12/site-packages/my_python_pkg/sim_cctv.py
/home/shiha/ros2_ws/install/my_python_pkg/lib/python3.12/site-packages/my_python_pkg/__pycache__/sync_controller_aruco.cpython-312.pyc
/home/shiha/ros2_ws/install/my_python_pkg/lib/python3.12/site-packages/my_python_pkg/__pycache__/sim_launch.cpython-312.pyc
/home/shiha/ros2_ws/install/my_python_pkg/lib/python3.12/site-packages/my_python_pkg/__pycache__/visualizer.cpython-312.pyc
/home/shiha/ros2_ws/install/my_python_pkg/lib/python3.12/site-packages/my_python_pkg/__pycache__/__init__.cpython-312.pyc
/home/shiha/ros2_ws/install/my_python_pkg/lib/python3.12/site-packages/my_python_pkg/__pycache__/sim_robot.cpython-312.pyc
/home/shiha/ros2_ws/install/my_python_pkg/lib/python3.12/site-packages/my_python_pkg/__pycache__/aruco_relative_pose.cpython-312.pyc
/home/shiha/ros2_ws/install/my_python_pkg/lib/python3.12/site-packages/my_python_pkg/__pycache__/nav_controller.cpython-312.pyc
/home/shiha/ros2_ws/install/my_python_pkg/lib/python3.12/site-packages/my_python_pkg/__pycache__/sim_cctv.cpython-312.pyc
/home/shiha/ros2_ws/install/my_python_pkg/share/ament_index/resource_index/packages/my_python_pkg
/home/shiha/ros2_ws/install/my_python_pkg/share/my_python_pkg/package.xml
/home/shiha/ros2_ws/install/my_python_pkg/lib/python3.12/site-packages/my_python_pkg-0.0.0-py3.12.egg-info/entry_points.txt
/home/shiha/ros2_ws/install/my_python_pkg/lib/python3.12/site-packages/my_python_pkg-0.0.0-py3.12.egg-info/dependency_links.txt
/home/shiha/ros2_ws/install/my_python_pkg/lib/python3.12/site-packages/my_python_pkg-0.0.0-py3.12.egg-info/SOURCES.txt
/home/shiha/ros2_ws/install/my_python_pkg/lib/python3.12/site-packages/my_python_pkg-0.0.0-py3.12.egg-info/requires.txt
/home/shiha/ros2_ws/install/my_python_pkg/lib/python3.12/site-packages/my_python_pkg-0.0.0-py3.12.egg-info/top_level.txt
/home/shiha/ros2_ws/install/my_python_pkg/lib/python3.12/site-packages/my_python_pkg-0.0.0-py3.12.egg-info/zip-safe
/home/shiha/ros2_ws/install/my_python_pkg/lib/python3.12/site-packages/my_python_pkg-0.0.0-py3.12.egg-info/PKG-INFO
/home/shiha/ros2_ws/install/my_python_pkg/lib/my_python_pkg/my_node
/home/shiha/ros2_ws/install/my_python_pkg/lib/my_python_pkg/sim_aruco_sync
