[0.991s] Invoking command in '/home/shiha/ros2_ws/src/parking_sim': CONDA_PROMPT_MODIFIER=(base) PYTHONPATH=/home/shiha/ros2_ws/build/parking_sim/prefix_override:/usr/lib/python3/dist-packages/colcon_core/task/python/colcon_distutils_commands:/home/shiha/ros2_ws/install/parking_sim/lib/python3.12/site-packages:${PYTHONPATH} /usr/bin/python3 -W ignore:setup.py install is deprecated -W ignore:easy_install command is deprecated setup.py egg_info --egg-base ../../build/parking_sim build --build-base /home/shiha/ros2_ws/build/parking_sim/build install --record /home/shiha/ros2_ws/build/parking_sim/install.log --single-version-externally-managed install_data
[1.307s] running egg_info
[1.333s] writing ../../build/parking_sim/parking_sim.egg-info/PKG-INFO
[1.333s] writing dependency_links to ../../build/parking_sim/parking_sim.egg-info/dependency_links.txt
[1.334s] writing entry points to ../../build/parking_sim/parking_sim.egg-info/entry_points.txt
[1.334s] writing requirements to ../../build/parking_sim/parking_sim.egg-info/requires.txt
[1.334s] writing top-level names to ../../build/parking_sim/parking_sim.egg-info/top_level.txt
[1.387s] reading manifest file '../../build/parking_sim/parking_sim.egg-info/SOURCES.txt'
[1.388s] writing manifest file '../../build/parking_sim/parking_sim.egg-info/SOURCES.txt'
[1.389s] running build
[1.389s] running build_py
[1.389s] copying parking_sim/nav_controller.py -> /home/shiha/ros2_ws/build/parking_sim/build/lib/parking_sim
[1.389s] running install
[1.398s] running install_lib
[1.424s] copying /home/shiha/ros2_ws/build/parking_sim/build/lib/parking_sim/nav_controller.py -> /home/shiha/ros2_ws/install/parking_sim/lib/python3.12/site-packages/parking_sim
[1.424s] byte-compiling /home/shiha/ros2_ws/install/parking_sim/lib/python3.12/site-packages/parking_sim/nav_controller.py to nav_controller.cpython-312.pyc
[1.427s] running install_data
[1.427s] running install_egg_info
[1.452s] removing '/home/shiha/ros2_ws/install/parking_sim/lib/python3.12/site-packages/parking_sim-1.0.0-py3.12.egg-info' (and everything under it)
[1.453s] Copying ../../build/parking_sim/parking_sim.egg-info to /home/shiha/ros2_ws/install/parking_sim/lib/python3.12/site-packages/parking_sim-1.0.0-py3.12.egg-info
[1.454s] running install_scripts
[1.621s] Installing cctv script to /home/shiha/ros2_ws/install/parking_sim/lib/parking_sim
[1.622s] Installing controller script to /home/shiha/ros2_ws/install/parking_sim/lib/parking_sim
[1.622s] Installing robot script to /home/shiha/ros2_ws/install/parking_sim/lib/parking_sim
[1.622s] Installing visualizer script to /home/shiha/ros2_ws/install/parking_sim/lib/parking_sim
[1.623s] writing list of installed files to '/home/shiha/ros2_ws/build/parking_sim/install.log'
[1.652s] Invoked command in '/home/shiha/ros2_ws/src/parking_sim' returned '0': CONDA_PROMPT_MODIFIER=(base) PYTHONPATH=/home/shiha/ros2_ws/build/parking_sim/prefix_override:/usr/lib/python3/dist-packages/colcon_core/task/python/colcon_distutils_commands:/home/shiha/ros2_ws/install/parking_sim/lib/python3.12/site-packages:${PYTHONPATH} /usr/bin/python3 -W ignore:setup.py install is deprecated -W ignore:easy_install command is deprecated setup.py egg_info --egg-base ../../build/parking_sim build --build-base /home/shiha/ros2_ws/build/parking_sim/build install --record /home/shiha/ros2_ws/build/parking_sim/install.log --single-version-externally-managed install_data
