[1.219s] Invoking command in '/home/shiha/ros2_ws/src/parking_sim': CONDA_PROMPT_MODIFIER=(base) PYTHONPATH=/home/shiha/ros2_ws/build/parking_sim/prefix_override:/usr/lib/python3/dist-packages/colcon_core/task/python/colcon_distutils_commands:/home/shiha/ros2_ws/install/parking_sim/lib/python3.12/site-packages:${PYTHONPATH} /usr/bin/python3 -W ignore:setup.py install is deprecated -W ignore:easy_install command is deprecated setup.py egg_info --egg-base ../../build/parking_sim build --build-base /home/shiha/ros2_ws/build/parking_sim/build install --record /home/shiha/ros2_ws/build/parking_sim/install.log --single-version-externally-managed install_data
[1.447s] running egg_info
[1.459s] writing ../../build/parking_sim/parking_sim.egg-info/PKG-INFO
[1.461s] writing dependency_links to ../../build/parking_sim/parking_sim.egg-info/dependency_links.txt
[1.461s] writing entry points to ../../build/parking_sim/parking_sim.egg-info/entry_points.txt
[1.461s] writing requirements to ../../build/parking_sim/parking_sim.egg-info/requires.txt
[1.461s] writing top-level names to ../../build/parking_sim/parking_sim.egg-info/top_level.txt
[1.487s] reading manifest file '../../build/parking_sim/parking_sim.egg-info/SOURCES.txt'
[1.489s] writing manifest file '../../build/parking_sim/parking_sim.egg-info/SOURCES.txt'
[1.489s] running build
[1.489s] running build_py
[1.489s] copying parking_sim/sim_robot.py -> /home/shiha/ros2_ws/build/parking_sim/build/lib/parking_sim
[1.489s] running install
[1.495s] running install_lib
[1.509s] copying /home/shiha/ros2_ws/build/parking_sim/build/lib/parking_sim/sim_robot.py -> /home/shiha/ros2_ws/install/parking_sim/lib/python3.12/site-packages/parking_sim
[1.510s] byte-compiling /home/shiha/ros2_ws/install/parking_sim/lib/python3.12/site-packages/parking_sim/sim_robot.py to sim_robot.cpython-312.pyc
[1.511s] running install_data
[1.511s] running install_egg_info
[1.527s] removing '/home/shiha/ros2_ws/install/parking_sim/lib/python3.12/site-packages/parking_sim-1.0.0-py3.12.egg-info' (and everything under it)
[1.527s] Copying ../../build/parking_sim/parking_sim.egg-info to /home/shiha/ros2_ws/install/parking_sim/lib/python3.12/site-packages/parking_sim-1.0.0-py3.12.egg-info
[1.529s] running install_scripts
[1.625s] Installing cctv script to /home/shiha/ros2_ws/install/parking_sim/lib/parking_sim
[1.625s] Installing controller script to /home/shiha/ros2_ws/install/parking_sim/lib/parking_sim
[1.626s] Installing robot script to /home/shiha/ros2_ws/install/parking_sim/lib/parking_sim
[1.626s] Installing visualizer script to /home/shiha/ros2_ws/install/parking_sim/lib/parking_sim
[1.626s] writing list of installed files to '/home/shiha/ros2_ws/build/parking_sim/install.log'
[1.671s] Invoked command in '/home/shiha/ros2_ws/src/parking_sim' returned '0': CONDA_PROMPT_MODIFIER=(base) PYTHONPATH=/home/shiha/ros2_ws/build/parking_sim/prefix_override:/usr/lib/python3/dist-packages/colcon_core/task/python/colcon_distutils_commands:/home/shiha/ros2_ws/install/parking_sim/lib/python3.12/site-packages:${PYTHONPATH} /usr/bin/python3 -W ignore:setup.py install is deprecated -W ignore:easy_install command is deprecated setup.py egg_info --egg-base ../../build/parking_sim build --build-base /home/shiha/ros2_ws/build/parking_sim/build install --record /home/shiha/ros2_ws/build/parking_sim/install.log --single-version-externally-managed install_data
