[0.294s] DEBUG:colcon:Command line arguments: ['/usr/bin/colcon', 'build', '--packages-select', 'parking_sim']
[0.295s] DEBUG:colcon:Parsed command line arguments: Namespace(log_base=None, log_level=None, verb_name='build', build_base='build', install_base='install', merge_install=False, symlink_install=False, test_result_base=None, continue_on_error=False, executor='parallel', parallel_workers=18, event_handlers=None, ignore_user_meta=False, metas=['./colcon.meta'], base_paths=['.'], packages_ignore=None, packages_ignore_regex=None, paths=None, packages_up_to=None, packages_up_to_regex=None, packages_above=None, packages_above_and_dependencies=None, packages_above_depth=None, packages_select_by_dep=None, packages_skip_by_dep=None, packages_skip_up_to=None, packages_select_build_failed=False, packages_skip_build_finished=False, packages_select_test_failures=False, packages_skip_test_passed=False, packages_select=['parking_sim'], packages_skip=None, packages_select_regex=None, packages_skip_regex=None, packages_start=None, packages_end=None, allow_overriding=[], cmake_args=None, cmake_target=None, cmake_target_skip_unavailable=False, cmake_clean_cache=False, cmake_clean_first=False, cmake_force_configure=False, ament_cmake_args=None, catkin_cmake_args=None, catkin_skip_building_tests=False, mixin_files=None, mixin=None, verb_parser=<colcon_mixin.mixin.mixin_argument.MixinArgumentDecorator object at 0x70d2f9f87fe0>, verb_extension=<colcon_core.verb.build.BuildVerb object at 0x70d2fa0ff320>, main=<bound method BuildVerb.main of <colcon_core.verb.build.BuildVerb object at 0x70d2fa0ff320>>, mixin_verb=('build',))
[0.345s] Level 1:colcon.colcon_core.package_discovery:discover_packages(colcon_meta) check parameters
[0.345s] Level 1:colcon.colcon_core.package_discovery:discover_packages(recursive) check parameters
[0.345s] Level 1:colcon.colcon_core.package_discovery:discover_packages(ignore) check parameters
[0.345s] Level 1:colcon.colcon_core.package_discovery:discover_packages(path) check parameters
[0.345s] Level 1:colcon.colcon_core.package_discovery:discover_packages(colcon_meta) discover
[0.345s] Level 1:colcon.colcon_core.package_discovery:discover_packages(recursive) discover
[0.345s] INFO:colcon.colcon_core.package_discovery:Crawling recursively for packages in '/home/shiha/ros2_ws'
[0.345s] Level 1:colcon.colcon_core.package_identification:_identify(.) by extensions ['ignore', 'ignore_ament_install']
[0.345s] Level 1:colcon.colcon_core.package_identification:_identify(.) by extension 'ignore'
[0.345s] Level 1:colcon.colcon_core.package_identification:_identify(.) by extension 'ignore_ament_install'
[0.346s] Level 1:colcon.colcon_core.package_identification:_identify(.) by extensions ['colcon_pkg']
[0.346s] Level 1:colcon.colcon_core.package_identification:_identify(.) by extension 'colcon_pkg'
[0.346s] Level 1:colcon.colcon_core.package_identification:_identify(.) by extensions ['colcon_meta']
[0.346s] Level 1:colcon.colcon_core.package_identification:_identify(.) by extension 'colcon_meta'
[0.346s] Level 1:colcon.colcon_core.package_identification:_identify(.) by extensions ['ros']
[0.346s] Level 1:colcon.colcon_core.package_identification:_identify(.) by extension 'ros'
[0.377s] Level 1:colcon.colcon_core.package_identification:_identify(.) by extensions ['cmake', 'python']
[0.377s] Level 1:colcon.colcon_core.package_identification:_identify(.) by extension 'cmake'
[0.377s] Level 1:colcon.colcon_core.package_identification:_identify(.) by extension 'python'
[0.377s] Level 1:colcon.colcon_core.package_identification:_identify(.) by extensions ['python_setup_py']
[0.377s] Level 1:colcon.colcon_core.package_identification:_identify(.) by extension 'python_setup_py'
[0.377s] Level 1:colcon.colcon_core.package_identification:_identify(build) by extensions ['ignore', 'ignore_ament_install']
[0.378s] Level 1:colcon.colcon_core.package_identification:_identify(build) by extension 'ignore'
[0.378s] Level 1:colcon.colcon_core.package_identification:_identify(build) ignored
[0.378s] Level 1:colcon.colcon_core.package_identification:_identify(install) by extensions ['ignore', 'ignore_ament_install']
[0.378s] Level 1:colcon.colcon_core.package_identification:_identify(install) by extension 'ignore'
[0.378s] Level 1:colcon.colcon_core.package_identification:_identify(install) ignored
[0.378s] Level 1:colcon.colcon_core.package_identification:_identify(log) by extensions ['ignore', 'ignore_ament_install']
[0.378s] Level 1:colcon.colcon_core.package_identification:_identify(log) by extension 'ignore'
[0.378s] Level 1:colcon.colcon_core.package_identification:_identify(log) ignored
[0.378s] Level 1:colcon.colcon_core.package_identification:_identify(src) by extensions ['ignore', 'ignore_ament_install']
[0.378s] Level 1:colcon.colcon_core.package_identification:_identify(src) by extension 'ignore'
[0.378s] Level 1:colcon.colcon_core.package_identification:_identify(src) by extension 'ignore_ament_install'
[0.378s] Level 1:colcon.colcon_core.package_identification:_identify(src) by extensions ['colcon_pkg']
[0.378s] Level 1:colcon.colcon_core.package_identification:_identify(src) by extension 'colcon_pkg'
[0.378s] Level 1:colcon.colcon_core.package_identification:_identify(src) by extensions ['colcon_meta']
[0.378s] Level 1:colcon.colcon_core.package_identification:_identify(src) by extension 'colcon_meta'
[0.378s] Level 1:colcon.colcon_core.package_identification:_identify(src) by extensions ['ros']
[0.378s] Level 1:colcon.colcon_core.package_identification:_identify(src) by extension 'ros'
[0.379s] Level 1:colcon.colcon_core.package_identification:_identify(src) by extensions ['cmake', 'python']
[0.379s] Level 1:colcon.colcon_core.package_identification:_identify(src) by extension 'cmake'
[0.379s] Level 1:colcon.colcon_core.package_identification:_identify(src) by extension 'python'
[0.379s] Level 1:colcon.colcon_core.package_identification:_identify(src) by extensions ['python_setup_py']
[0.379s] Level 1:colcon.colcon_core.package_identification:_identify(src) by extension 'python_setup_py'
[0.379s] Level 1:colcon.colcon_core.package_identification:_identify(src/my_python_pkg) by extensions ['ignore', 'ignore_ament_install']
[0.379s] Level 1:colcon.colcon_core.package_identification:_identify(src/my_python_pkg) by extension 'ignore'
[0.379s] Level 1:colcon.colcon_core.package_identification:_identify(src/my_python_pkg) by extension 'ignore_ament_install'
[0.379s] Level 1:colcon.colcon_core.package_identification:_identify(src/my_python_pkg) by extensions ['colcon_pkg']
[0.379s] Level 1:colcon.colcon_core.package_identification:_identify(src/my_python_pkg) by extension 'colcon_pkg'
[0.379s] Level 1:colcon.colcon_core.package_identification:_identify(src/my_python_pkg) by extensions ['colcon_meta']
[0.379s] Level 1:colcon.colcon_core.package_identification:_identify(src/my_python_pkg) by extension 'colcon_meta'
[0.379s] Level 1:colcon.colcon_core.package_identification:_identify(src/my_python_pkg) by extensions ['ros']
[0.379s] Level 1:colcon.colcon_core.package_identification:_identify(src/my_python_pkg) by extension 'ros'
[0.381s] DEBUG:colcon.colcon_core.package_identification:Failed to parse potential ROS package manifest in'src/my_python_pkg': Error(s) in package 'src/my_python_pkg/package.xml':
The manifest contains invalid XML:
not well-formed (invalid token): line 3, column 16
[0.381s] Level 1:colcon.colcon_core.package_identification:_identify(src/my_python_pkg) by extensions ['cmake', 'python']
[0.381s] Level 1:colcon.colcon_core.package_identification:_identify(src/my_python_pkg) by extension 'cmake'
[0.381s] Level 1:colcon.colcon_core.package_identification:_identify(src/my_python_pkg) by extension 'python'
[0.381s] DEBUG:colcon.colcon_core.package_identification:Python package in 'src/my_python_pkg' passes arguments to the setup() function which requires a different identification extension than 'python'
[0.381s] Level 1:colcon.colcon_core.package_identification:_identify(src/my_python_pkg) by extensions ['python_setup_py']
[0.381s] Level 1:colcon.colcon_core.package_identification:_identify(src/my_python_pkg) by extension 'python_setup_py'
[0.638s] DEBUG:colcon.colcon_core.package_identification:Package 'src/my_python_pkg' with type 'python' and name 'my_python_pkg'
[0.638s] Level 1:colcon.colcon_core.package_identification:_identify(src/parking_sim) by extensions ['ignore', 'ignore_ament_install']
[0.638s] Level 1:colcon.colcon_core.package_identification:_identify(src/parking_sim) by extension 'ignore'
[0.638s] Level 1:colcon.colcon_core.package_identification:_identify(src/parking_sim) by extension 'ignore_ament_install'
[0.638s] Level 1:colcon.colcon_core.package_identification:_identify(src/parking_sim) by extensions ['colcon_pkg']
[0.638s] Level 1:colcon.colcon_core.package_identification:_identify(src/parking_sim) by extension 'colcon_pkg'
[0.638s] Level 1:colcon.colcon_core.package_identification:_identify(src/parking_sim) by extensions ['colcon_meta']
[0.638s] Level 1:colcon.colcon_core.package_identification:_identify(src/parking_sim) by extension 'colcon_meta'
[0.638s] Level 1:colcon.colcon_core.package_identification:_identify(src/parking_sim) by extensions ['ros']
[0.638s] Level 1:colcon.colcon_core.package_identification:_identify(src/parking_sim) by extension 'ros'
[0.640s] DEBUG:colcon.colcon_core.package_identification:Package 'src/parking_sim' with type 'ros.catkin' and name 'parking_sim'
[0.640s] Level 1:colcon.colcon_core.package_discovery:discover_packages(recursive) using defaults
[0.640s] Level 1:colcon.colcon_core.package_discovery:discover_packages(ignore) discover
[0.640s] Level 1:colcon.colcon_core.package_discovery:discover_packages(ignore) using defaults
[0.640s] Level 1:colcon.colcon_core.package_discovery:discover_packages(path) discover
[0.640s] Level 1:colcon.colcon_core.package_discovery:discover_packages(path) using defaults
[0.661s] INFO:colcon.colcon_core.package_selection:Skipping not selected package 'my_python_pkg' in 'src/my_python_pkg'
[0.661s] Level 1:colcon.colcon_core.package_discovery:discover_packages(prefix_path) check parameters
[0.661s] Level 1:colcon.colcon_core.package_discovery:discover_packages(prefix_path) discover
[0.663s] DEBUG:colcon.colcon_installed_package_information.package_discovery:Found 1 installed packages in /home/shiha/ros2_ws/install
[0.664s] DEBUG:colcon.colcon_installed_package_information.package_discovery:Found 4 installed packages in /home/shiha/my_ws/install
[0.665s] DEBUG:colcon.colcon_installed_package_information.package_discovery:Found 403 installed packages in /opt/ros/jazzy
[0.667s] Level 1:colcon.colcon_core.package_discovery:discover_packages(prefix_path) using defaults
[0.729s] Level 5:colcon.colcon_core.verb:set package 'parking_sim' build argument 'cmake_args' from command line to 'None'
[0.729s] Level 5:colcon.colcon_core.verb:set package 'parking_sim' build argument 'cmake_target' from command line to 'None'
[0.730s] Level 5:colcon.colcon_core.verb:set package 'parking_sim' build argument 'cmake_target_skip_unavailable' from command line to 'False'
[0.730s] Level 5:colcon.colcon_core.verb:set package 'parking_sim' build argument 'cmake_clean_cache' from command line to 'False'
[0.730s] Level 5:colcon.colcon_core.verb:set package 'parking_sim' build argument 'cmake_clean_first' from command line to 'False'
[0.730s] Level 5:colcon.colcon_core.verb:set package 'parking_sim' build argument 'cmake_force_configure' from command line to 'False'
[0.730s] Level 5:colcon.colcon_core.verb:set package 'parking_sim' build argument 'ament_cmake_args' from command line to 'None'
[0.730s] Level 5:colcon.colcon_core.verb:set package 'parking_sim' build argument 'catkin_cmake_args' from command line to 'None'
[0.730s] Level 5:colcon.colcon_core.verb:set package 'parking_sim' build argument 'catkin_skip_building_tests' from command line to 'False'
[0.730s] DEBUG:colcon.colcon_core.verb:Building package 'parking_sim' with the following arguments: {'ament_cmake_args': None, 'build_base': '/home/shiha/ros2_ws/build/parking_sim', 'catkin_cmake_args': None, 'catkin_skip_building_tests': False, 'cmake_args': None, 'cmake_clean_cache': False, 'cmake_clean_first': False, 'cmake_force_configure': False, 'cmake_target': None, 'cmake_target_skip_unavailable': False, 'install_base': '/home/shiha/ros2_ws/install/parking_sim', 'merge_install': False, 'path': '/home/shiha/ros2_ws/src/parking_sim', 'symlink_install': False, 'test_result_base': None}
[0.730s] INFO:colcon.colcon_core.executor:Executing jobs using 'parallel' executor
[0.732s] DEBUG:colcon.colcon_parallel_executor.executor.parallel:run_until_complete
[0.732s] INFO:colcon.colcon_ros.task.catkin.build:Building ROS package in '/home/shiha/ros2_ws/src/parking_sim' with build type 'catkin'
[0.732s] INFO:colcon.colcon_cmake.task.cmake.build:Building CMake package in '/home/shiha/ros2_ws/src/parking_sim'
[0.735s] INFO:colcon.colcon_core.plugin_system:Skipping extension 'colcon_core.shell.bat': Not used on non-Windows systems
[0.735s] INFO:colcon.colcon_core.shell:Skip shell extension 'powershell' for command environment: Not usable outside of PowerShell
[0.735s] DEBUG:colcon.colcon_core.shell:Skip shell extension 'dsv' for command environment
[0.748s] DEBUG:colcon.colcon_core.event_handler.log_command:Invoking command in '/home/shiha/ros2_ws/build/parking_sim': CONDA_PROMPT_MODIFIER=(base) /usr/bin/cmake /home/shiha/ros2_ws/src/parking_sim -DCATKIN_INSTALL_INTO_PREFIX_ROOT=0 -DCMAKE_INSTALL_PREFIX=/home/shiha/ros2_ws/install/parking_sim
[0.902s] Level 1:colcon.colcon_core.environment:create_environment_scripts_only(parking_sim)
[0.904s] DEBUG:colcon.colcon_core.event_handler.log_command:Invoked command in '/home/shiha/ros2_ws/build/parking_sim' returned '1': CONDA_PROMPT_MODIFIER=(base) /usr/bin/cmake /home/shiha/ros2_ws/src/parking_sim -DCATKIN_INSTALL_INTO_PREFIX_ROOT=0 -DCMAKE_INSTALL_PREFIX=/home/shiha/ros2_ws/install/parking_sim
[0.908s] Level 1:colcon.colcon_core.environment:checking '/home/shiha/ros2_ws/install/parking_sim' for CMake module files
[0.909s] Level 1:colcon.colcon_core.environment:checking '/home/shiha/ros2_ws/install/parking_sim' for CMake config files
[0.909s] Level 1:colcon.colcon_core.environment:checking '/home/shiha/ros2_ws/install/parking_sim/bin'
[0.909s] Level 1:colcon.colcon_core.environment:checking '/home/shiha/ros2_ws/install/parking_sim/lib/pkgconfig/parking_sim.pc'
[0.910s] Level 1:colcon.colcon_core.environment:checking '/home/shiha/ros2_ws/install/parking_sim/lib/python3.12/site-packages'
[0.910s] Level 1:colcon.colcon_core.environment:checking '/home/shiha/ros2_ws/install/parking_sim/bin'
[0.910s] INFO:colcon.colcon_core.shell:Creating package script '/home/shiha/ros2_ws/install/parking_sim/share/parking_sim/package.ps1'
[0.912s] INFO:colcon.colcon_core.shell:Creating package descriptor '/home/shiha/ros2_ws/install/parking_sim/share/parking_sim/package.dsv'
[0.913s] INFO:colcon.colcon_core.shell:Creating package script '/home/shiha/ros2_ws/install/parking_sim/share/parking_sim/package.sh'
[0.913s] INFO:colcon.colcon_core.shell:Creating package script '/home/shiha/ros2_ws/install/parking_sim/share/parking_sim/package.bash'
[0.914s] INFO:colcon.colcon_core.shell:Creating package script '/home/shiha/ros2_ws/install/parking_sim/share/parking_sim/package.zsh'
[0.915s] Level 1:colcon.colcon_core.environment:create_file_with_runtime_dependencies(/home/shiha/ros2_ws/install/parking_sim/share/colcon-core/packages/parking_sim)
[0.926s] DEBUG:colcon.colcon_parallel_executor.executor.parallel:closing loop
[0.927s] DEBUG:colcon.colcon_parallel_executor.executor.parallel:loop closed
[0.927s] DEBUG:colcon.colcon_parallel_executor.executor.parallel:run_until_complete finished with '1'
[0.927s] DEBUG:colcon.colcon_core.event_reactor:joining thread
[1.057s] INFO:colcon.colcon_core.plugin_system:Skipping extension 'colcon_notification.desktop_notification.notify_send': Could not find 'notify-send'
[1.058s] INFO:colcon.colcon_core.plugin_system:Skipping extension 'colcon_notification.desktop_notification.terminal_notifier': Not used on non-Darwin systems
[1.058s] INFO:colcon.colcon_core.plugin_system:Skipping extension 'colcon_notification.desktop_notification.win32': Not used on non-Windows systems
[1.058s] INFO:colcon.colcon_notification.desktop_notification:Sending desktop notification using 'notify2'
[1.062s] DEBUG:colcon.colcon_notification.desktop_notification.notify2:Failed to initialize notify2: org.freedesktop.DBus.Error.ServiceUnknown: The name org.freedesktop.Notifications was not provided by any .service files
[1.062s] DEBUG:colcon.colcon_core.event_reactor:joined thread
[1.063s] INFO:colcon.colcon_core.shell:Creating prefix script '/home/shiha/ros2_ws/install/local_setup.ps1'
[1.065s] INFO:colcon.colcon_core.shell:Creating prefix util module '/home/shiha/ros2_ws/install/_local_setup_util_ps1.py'
[1.068s] INFO:colcon.colcon_core.shell:Creating prefix chain script '/home/shiha/ros2_ws/install/setup.ps1'
[1.070s] INFO:colcon.colcon_core.shell:Creating prefix script '/home/shiha/ros2_ws/install/local_setup.sh'
[1.071s] INFO:colcon.colcon_core.shell:Creating prefix util module '/home/shiha/ros2_ws/install/_local_setup_util_sh.py'
[1.072s] INFO:colcon.colcon_core.shell:Creating prefix chain script '/home/shiha/ros2_ws/install/setup.sh'
[1.073s] INFO:colcon.colcon_core.shell:Creating prefix script '/home/shiha/ros2_ws/install/local_setup.bash'
[1.074s] INFO:colcon.colcon_core.shell:Creating prefix chain script '/home/shiha/ros2_ws/install/setup.bash'
[1.075s] INFO:colcon.colcon_core.shell:Creating prefix script '/home/shiha/ros2_ws/install/local_setup.zsh'
[1.076s] INFO:colcon.colcon_core.shell:Creating prefix chain script '/home/shiha/ros2_ws/install/setup.zsh'
