[0.319s] DEBUG:colcon:Command line arguments: ['/usr/bin/colcon', 'build']
[0.319s] DEBUG:colcon:Parsed command line arguments: Namespace(log_base=None, log_level=None, verb_name='build', build_base='build', install_base='install', merge_install=False, symlink_install=False, test_result_base=None, continue_on_error=False, executor='parallel', parallel_workers=18, event_handlers=None, ignore_user_meta=False, metas=['./colcon.meta'], base_paths=['.'], packages_ignore=None, packages_ignore_regex=None, paths=None, packages_up_to=None, packages_up_to_regex=None, packages_above=None, packages_above_and_dependencies=None, packages_above_depth=None, packages_select_by_dep=None, packages_skip_by_dep=None, packages_skip_up_to=None, packages_select_build_failed=False, packages_skip_build_finished=False, packages_select_test_failures=False, packages_skip_test_passed=False, packages_select=None, packages_skip=None, packages_select_regex=None, packages_skip_regex=None, packages_start=None, packages_end=None, allow_overriding=[], cmake_args=None, cmake_target=None, cmake_target_skip_unavailable=False, cmake_clean_cache=False, cmake_clean_first=False, cmake_force_configure=False, ament_cmake_args=None, catkin_cmake_args=None, catkin_skip_building_tests=False, mixin_files=None, mixin=None, verb_parser=<colcon_mixin.mixin.mixin_argument.MixinArgumentDecorator object at 0x76e0f027be60>, verb_extension=<colcon_core.verb.build.BuildVerb object at 0x76e0f0222b70>, main=<bound method BuildVerb.main of <colcon_core.verb.build.BuildVerb object at 0x76e0f0222b70>>, mixin_verb=('build',))
[0.387s] Level 1:colcon.colcon_core.package_discovery:discover_packages(colcon_meta) check parameters
[0.387s] Level 1:colcon.colcon_core.package_discovery:discover_packages(recursive) check parameters
[0.387s] Level 1:colcon.colcon_core.package_discovery:discover_packages(ignore) check parameters
[0.387s] Level 1:colcon.colcon_core.package_discovery:discover_packages(path) check parameters
[0.387s] Level 1:colcon.colcon_core.package_discovery:discover_packages(colcon_meta) discover
[0.387s] Level 1:colcon.colcon_core.package_discovery:discover_packages(recursive) discover
[0.387s] INFO:colcon.colcon_core.package_discovery:Crawling recursively for packages in '/home/shiha/ros2_ws'
[0.387s] Level 1:colcon.colcon_core.package_identification:_identify(.) by extensions ['ignore', 'ignore_ament_install']
[0.387s] Level 1:colcon.colcon_core.package_identification:_identify(.) by extension 'ignore'
[0.387s] Level 1:colcon.colcon_core.package_identification:_identify(.) by extension 'ignore_ament_install'
[0.387s] Level 1:colcon.colcon_core.package_identification:_identify(.) by extensions ['colcon_pkg']
[0.387s] Level 1:colcon.colcon_core.package_identification:_identify(.) by extension 'colcon_pkg'
[0.387s] Level 1:colcon.colcon_core.package_identification:_identify(.) by extensions ['colcon_meta']
[0.387s] Level 1:colcon.colcon_core.package_identification:_identify(.) by extension 'colcon_meta'
[0.387s] Level 1:colcon.colcon_core.package_identification:_identify(.) by extensions ['ros']
[0.388s] Level 1:colcon.colcon_core.package_identification:_identify(.) by extension 'ros'
[0.422s] Level 1:colcon.colcon_core.package_identification:_identify(.) by extensions ['cmake', 'python']
[0.422s] Level 1:colcon.colcon_core.package_identification:_identify(.) by extension 'cmake'
[0.422s] Level 1:colcon.colcon_core.package_identification:_identify(.) by extension 'python'
[0.422s] Level 1:colcon.colcon_core.package_identification:_identify(.) by extensions ['python_setup_py']
[0.422s] Level 1:colcon.colcon_core.package_identification:_identify(.) by extension 'python_setup_py'
[0.423s] Level 1:colcon.colcon_core.package_identification:_identify(build) by extensions ['ignore', 'ignore_ament_install']
[0.423s] Level 1:colcon.colcon_core.package_identification:_identify(build) by extension 'ignore'
[0.423s] Level 1:colcon.colcon_core.package_identification:_identify(build) ignored
[0.423s] Level 1:colcon.colcon_core.package_identification:_identify(install) by extensions ['ignore', 'ignore_ament_install']
[0.423s] Level 1:colcon.colcon_core.package_identification:_identify(install) by extension 'ignore'
[0.423s] Level 1:colcon.colcon_core.package_identification:_identify(install) ignored
[0.423s] Level 1:colcon.colcon_core.package_identification:_identify(log) by extensions ['ignore', 'ignore_ament_install']
[0.424s] Level 1:colcon.colcon_core.package_identification:_identify(log) by extension 'ignore'
[0.424s] Level 1:colcon.colcon_core.package_identification:_identify(log) ignored
[0.424s] Level 1:colcon.colcon_core.package_identification:_identify(src) by extensions ['ignore', 'ignore_ament_install']
[0.424s] Level 1:colcon.colcon_core.package_identification:_identify(src) by extension 'ignore'
[0.424s] Level 1:colcon.colcon_core.package_identification:_identify(src) by extension 'ignore_ament_install'
[0.424s] Level 1:colcon.colcon_core.package_identification:_identify(src) by extensions ['colcon_pkg']
[0.424s] Level 1:colcon.colcon_core.package_identification:_identify(src) by extension 'colcon_pkg'
[0.424s] Level 1:colcon.colcon_core.package_identification:_identify(src) by extensions ['colcon_meta']
[0.424s] Level 1:colcon.colcon_core.package_identification:_identify(src) by extension 'colcon_meta'
[0.424s] Level 1:colcon.colcon_core.package_identification:_identify(src) by extensions ['ros']
[0.424s] Level 1:colcon.colcon_core.package_identification:_identify(src) by extension 'ros'
[0.424s] Level 1:colcon.colcon_core.package_identification:_identify(src) by extensions ['cmake', 'python']
[0.425s] Level 1:colcon.colcon_core.package_identification:_identify(src) by extension 'cmake'
[0.425s] Level 1:colcon.colcon_core.package_identification:_identify(src) by extension 'python'
[0.425s] Level 1:colcon.colcon_core.package_identification:_identify(src) by extensions ['python_setup_py']
[0.425s] Level 1:colcon.colcon_core.package_identification:_identify(src) by extension 'python_setup_py'
[0.425s] Level 1:colcon.colcon_core.package_identification:_identify(src/cctv_perception) by extensions ['ignore', 'ignore_ament_install']
[0.425s] Level 1:colcon.colcon_core.package_identification:_identify(src/cctv_perception) by extension 'ignore'
[0.425s] Level 1:colcon.colcon_core.package_identification:_identify(src/cctv_perception) by extension 'ignore_ament_install'
[0.425s] Level 1:colcon.colcon_core.package_identification:_identify(src/cctv_perception) by extensions ['colcon_pkg']
[0.425s] Level 1:colcon.colcon_core.package_identification:_identify(src/cctv_perception) by extension 'colcon_pkg'
[0.425s] Level 1:colcon.colcon_core.package_identification:_identify(src/cctv_perception) by extensions ['colcon_meta']
[0.425s] Level 1:colcon.colcon_core.package_identification:_identify(src/cctv_perception) by extension 'colcon_meta'
[0.425s] Level 1:colcon.colcon_core.package_identification:_identify(src/cctv_perception) by extensions ['ros']
[0.425s] Level 1:colcon.colcon_core.package_identification:_identify(src/cctv_perception) by extension 'ros'
[0.430s] DEBUG:colcon.colcon_core.package_identification:Package 'src/cctv_perception' with type 'ros.ament_python' and name 'cctv_perception'
[0.431s] Level 1:colcon.colcon_core.package_identification:_identify(src/map) by extensions ['ignore', 'ignore_ament_install']
[0.431s] Level 1:colcon.colcon_core.package_identification:_identify(src/map) by extension 'ignore'
[0.431s] Level 1:colcon.colcon_core.package_identification:_identify(src/map) by extension 'ignore_ament_install'
[0.431s] Level 1:colcon.colcon_core.package_identification:_identify(src/map) by extensions ['colcon_pkg']
[0.431s] Level 1:colcon.colcon_core.package_identification:_identify(src/map) by extension 'colcon_pkg'
[0.431s] Level 1:colcon.colcon_core.package_identification:_identify(src/map) by extensions ['colcon_meta']
[0.431s] Level 1:colcon.colcon_core.package_identification:_identify(src/map) by extension 'colcon_meta'
[0.431s] Level 1:colcon.colcon_core.package_identification:_identify(src/map) by extensions ['ros']
[0.431s] Level 1:colcon.colcon_core.package_identification:_identify(src/map) by extension 'ros'
[0.431s] Level 1:colcon.colcon_core.package_identification:_identify(src/map) by extensions ['cmake', 'python']
[0.431s] Level 1:colcon.colcon_core.package_identification:_identify(src/map) by extension 'cmake'
[0.431s] Level 1:colcon.colcon_core.package_identification:_identify(src/map) by extension 'python'
[0.431s] Level 1:colcon.colcon_core.package_identification:_identify(src/map) by extensions ['python_setup_py']
[0.431s] Level 1:colcon.colcon_core.package_identification:_identify(src/map) by extension 'python_setup_py'
[0.432s] Level 1:colcon.colcon_core.package_identification:_identify(src/my_python_pkg) by extensions ['ignore', 'ignore_ament_install']
[0.432s] Level 1:colcon.colcon_core.package_identification:_identify(src/my_python_pkg) by extension 'ignore'
[0.432s] Level 1:colcon.colcon_core.package_identification:_identify(src/my_python_pkg) by extension 'ignore_ament_install'
[0.432s] Level 1:colcon.colcon_core.package_identification:_identify(src/my_python_pkg) by extensions ['colcon_pkg']
[0.432s] Level 1:colcon.colcon_core.package_identification:_identify(src/my_python_pkg) by extension 'colcon_pkg'
[0.432s] Level 1:colcon.colcon_core.package_identification:_identify(src/my_python_pkg) by extensions ['colcon_meta']
[0.432s] Level 1:colcon.colcon_core.package_identification:_identify(src/my_python_pkg) by extension 'colcon_meta'
[0.432s] Level 1:colcon.colcon_core.package_identification:_identify(src/my_python_pkg) by extensions ['ros']
[0.432s] Level 1:colcon.colcon_core.package_identification:_identify(src/my_python_pkg) by extension 'ros'
[0.432s] DEBUG:colcon.colcon_core.package_identification:Failed to parse potential ROS package manifest in'src/my_python_pkg': Error(s) in package 'src/my_python_pkg/package.xml':
The manifest contains invalid XML:
not well-formed (invalid token): line 3, column 16
[0.432s] Level 1:colcon.colcon_core.package_identification:_identify(src/my_python_pkg) by extensions ['cmake', 'python']
[0.432s] Level 1:colcon.colcon_core.package_identification:_identify(src/my_python_pkg) by extension 'cmake'
[0.432s] Level 1:colcon.colcon_core.package_identification:_identify(src/my_python_pkg) by extension 'python'
[0.433s] DEBUG:colcon.colcon_core.package_identification:Python package in 'src/my_python_pkg' passes arguments to the setup() function which requires a different identification extension than 'python'
[0.433s] Level 1:colcon.colcon_core.package_identification:_identify(src/my_python_pkg) by extensions ['python_setup_py']
[0.433s] Level 1:colcon.colcon_core.package_identification:_identify(src/my_python_pkg) by extension 'python_setup_py'
[0.605s] DEBUG:colcon.colcon_core.package_identification:Package 'src/my_python_pkg' with type 'python' and name 'my_python_pkg'
[0.606s] Level 1:colcon.colcon_core.package_identification:_identify(src/parking_sim) by extensions ['ignore', 'ignore_ament_install']
[0.606s] Level 1:colcon.colcon_core.package_identification:_identify(src/parking_sim) by extension 'ignore'
[0.606s] Level 1:colcon.colcon_core.package_identification:_identify(src/parking_sim) by extension 'ignore_ament_install'
[0.606s] Level 1:colcon.colcon_core.package_identification:_identify(src/parking_sim) by extensions ['colcon_pkg']
[0.606s] Level 1:colcon.colcon_core.package_identification:_identify(src/parking_sim) by extension 'colcon_pkg'
[0.606s] Level 1:colcon.colcon_core.package_identification:_identify(src/parking_sim) by extensions ['colcon_meta']
[0.606s] Level 1:colcon.colcon_core.package_identification:_identify(src/parking_sim) by extension 'colcon_meta'
[0.606s] Level 1:colcon.colcon_core.package_identification:_identify(src/parking_sim) by extensions ['ros']
[0.606s] Level 1:colcon.colcon_core.package_identification:_identify(src/parking_sim) by extension 'ros'
[0.607s] DEBUG:colcon.colcon_core.package_identification:Package 'src/parking_sim' with type 'ros.ament_python' and name 'parking_sim'
[0.607s] Level 1:colcon.colcon_core.package_discovery:discover_packages(recursive) using defaults
[0.607s] Level 1:colcon.colcon_core.package_discovery:discover_packages(ignore) discover
[0.607s] Level 1:colcon.colcon_core.package_discovery:discover_packages(ignore) using defaults
[0.607s] Level 1:colcon.colcon_core.package_discovery:discover_packages(path) discover
[0.607s] Level 1:colcon.colcon_core.package_discovery:discover_packages(path) using defaults
[0.638s] Level 1:colcon.colcon_core.package_discovery:discover_packages(prefix_path) check parameters
[0.638s] Level 1:colcon.colcon_core.package_discovery:discover_packages(prefix_path) discover
[0.649s] DEBUG:colcon.colcon_installed_package_information.package_discovery:Found 4 installed packages in /home/shiha/my_ws/install
[0.652s] DEBUG:colcon.colcon_installed_package_information.package_discovery:Found 403 installed packages in /opt/ros/jazzy
[0.653s] Level 1:colcon.colcon_core.package_discovery:discover_packages(prefix_path) using defaults
[0.772s] Level 5:colcon.colcon_core.verb:set package 'cctv_perception' build argument 'cmake_args' from command line to 'None'
[0.772s] Level 5:colcon.colcon_core.verb:set package 'cctv_perception' build argument 'cmake_target' from command line to 'None'
[0.772s] Level 5:colcon.colcon_core.verb:set package 'cctv_perception' build argument 'cmake_target_skip_unavailable' from command line to 'False'
[0.772s] Level 5:colcon.colcon_core.verb:set package 'cctv_perception' build argument 'cmake_clean_cache' from command line to 'False'
[0.772s] Level 5:colcon.colcon_core.verb:set package 'cctv_perception' build argument 'cmake_clean_first' from command line to 'False'
[0.772s] Level 5:colcon.colcon_core.verb:set package 'cctv_perception' build argument 'cmake_force_configure' from command line to 'False'
[0.772s] Level 5:colcon.colcon_core.verb:set package 'cctv_perception' build argument 'ament_cmake_args' from command line to 'None'
[0.772s] Level 5:colcon.colcon_core.verb:set package 'cctv_perception' build argument 'catkin_cmake_args' from command line to 'None'
[0.772s] Level 5:colcon.colcon_core.verb:set package 'cctv_perception' build argument 'catkin_skip_building_tests' from command line to 'False'
[0.772s] DEBUG:colcon.colcon_core.verb:Building package 'cctv_perception' with the following arguments: {'ament_cmake_args': None, 'build_base': '/home/shiha/ros2_ws/build/cctv_perception', 'catkin_cmake_args': None, 'catkin_skip_building_tests': False, 'cmake_args': None, 'cmake_clean_cache': False, 'cmake_clean_first': False, 'cmake_force_configure': False, 'cmake_target': None, 'cmake_target_skip_unavailable': False, 'install_base': '/home/shiha/ros2_ws/install/cctv_perception', 'merge_install': False, 'path': '/home/shiha/ros2_ws/src/cctv_perception', 'symlink_install': False, 'test_result_base': None}
[0.772s] Level 5:colcon.colcon_core.verb:set package 'my_python_pkg' build argument 'cmake_args' from command line to 'None'
[0.772s] Level 5:colcon.colcon_core.verb:set package 'my_python_pkg' build argument 'cmake_target' from command line to 'None'
[0.772s] Level 5:colcon.colcon_core.verb:set package 'my_python_pkg' build argument 'cmake_target_skip_unavailable' from command line to 'False'
[0.772s] Level 5:colcon.colcon_core.verb:set package 'my_python_pkg' build argument 'cmake_clean_cache' from command line to 'False'
[0.772s] Level 5:colcon.colcon_core.verb:set package 'my_python_pkg' build argument 'cmake_clean_first' from command line to 'False'
[0.772s] Level 5:colcon.colcon_core.verb:set package 'my_python_pkg' build argument 'cmake_force_configure' from command line to 'False'
[0.772s] Level 5:colcon.colcon_core.verb:set package 'my_python_pkg' build argument 'ament_cmake_args' from command line to 'None'
[0.772s] Level 5:colcon.colcon_core.verb:set package 'my_python_pkg' build argument 'catkin_cmake_args' from command line to 'None'
[0.772s] Level 5:colcon.colcon_core.verb:set package 'my_python_pkg' build argument 'catkin_skip_building_tests' from command line to 'False'
[0.772s] DEBUG:colcon.colcon_core.verb:Building package 'my_python_pkg' with the following arguments: {'ament_cmake_args': None, 'build_base': '/home/shiha/ros2_ws/build/my_python_pkg', 'catkin_cmake_args': None, 'catkin_skip_building_tests': False, 'cmake_args': None, 'cmake_clean_cache': False, 'cmake_clean_first': False, 'cmake_force_configure': False, 'cmake_target': None, 'cmake_target_skip_unavailable': False, 'install_base': '/home/shiha/ros2_ws/install/my_python_pkg', 'merge_install': False, 'path': '/home/shiha/ros2_ws/src/my_python_pkg', 'symlink_install': False, 'test_result_base': None}
[0.773s] Level 5:colcon.colcon_core.verb:set package 'parking_sim' build argument 'cmake_args' from command line to 'None'
[0.773s] Level 5:colcon.colcon_core.verb:set package 'parking_sim' build argument 'cmake_target' from command line to 'None'
[0.773s] Level 5:colcon.colcon_core.verb:set package 'parking_sim' build argument 'cmake_target_skip_unavailable' from command line to 'False'
[0.773s] Level 5:colcon.colcon_core.verb:set package 'parking_sim' build argument 'cmake_clean_cache' from command line to 'False'
[0.773s] Level 5:colcon.colcon_core.verb:set package 'parking_sim' build argument 'cmake_clean_first' from command line to 'False'
[0.773s] Level 5:colcon.colcon_core.verb:set package 'parking_sim' build argument 'cmake_force_configure' from command line to 'False'
[0.773s] Level 5:colcon.colcon_core.verb:set package 'parking_sim' build argument 'ament_cmake_args' from command line to 'None'
[0.773s] Level 5:colcon.colcon_core.verb:set package 'parking_sim' build argument 'catkin_cmake_args' from command line to 'None'
[0.773s] Level 5:colcon.colcon_core.verb:set package 'parking_sim' build argument 'catkin_skip_building_tests' from command line to 'False'
[0.773s] DEBUG:colcon.colcon_core.verb:Building package 'parking_sim' with the following arguments: {'ament_cmake_args': None, 'build_base': '/home/shiha/ros2_ws/build/parking_sim', 'catkin_cmake_args': None, 'catkin_skip_building_tests': False, 'cmake_args': None, 'cmake_clean_cache': False, 'cmake_clean_first': False, 'cmake_force_configure': False, 'cmake_target': None, 'cmake_target_skip_unavailable': False, 'install_base': '/home/shiha/ros2_ws/install/parking_sim', 'merge_install': False, 'path': '/home/shiha/ros2_ws/src/parking_sim', 'symlink_install': False, 'test_result_base': None}
[0.773s] INFO:colcon.colcon_core.executor:Executing jobs using 'parallel' executor
[0.774s] DEBUG:colcon.colcon_parallel_executor.executor.parallel:run_until_complete
[0.775s] INFO:colcon.colcon_ros.task.ament_python.build:Building ROS package in '/home/shiha/ros2_ws/src/cctv_perception' with build type 'ament_python'
[0.775s] Level 1:colcon.colcon_core.shell:create_environment_hook('cctv_perception', 'ament_prefix_path')
[0.785s] INFO:colcon.colcon_core.plugin_system:Skipping extension 'colcon_core.shell.bat': Not used on non-Windows systems
[0.785s] INFO:colcon.colcon_core.shell:Creating environment hook '/home/shiha/ros2_ws/install/cctv_perception/share/cctv_perception/hook/ament_prefix_path.ps1'
[0.788s] INFO:colcon.colcon_core.shell:Creating environment descriptor '/home/shiha/ros2_ws/install/cctv_perception/share/cctv_perception/hook/ament_prefix_path.dsv'
[0.789s] INFO:colcon.colcon_core.shell:Creating environment hook '/home/shiha/ros2_ws/install/cctv_perception/share/cctv_perception/hook/ament_prefix_path.sh'
[0.790s] INFO:colcon.colcon_core.shell:Skip shell extension 'powershell' for command environment: Not usable outside of PowerShell
[0.790s] DEBUG:colcon.colcon_core.shell:Skip shell extension 'dsv' for command environment
[0.795s] INFO:colcon.colcon_core.task.python.build:Building Python package in '/home/shiha/ros2_ws/src/my_python_pkg'
[0.795s] INFO:colcon.colcon_core.shell:Skip shell extension 'powershell' for command environment: Not usable outside of PowerShell
[0.795s] DEBUG:colcon.colcon_core.shell:Skip shell extension 'dsv' for command environment
[0.798s] INFO:colcon.colcon_ros.task.ament_python.build:Building ROS package in '/home/shiha/ros2_ws/src/parking_sim' with build type 'ament_python'
[0.798s] Level 1:colcon.colcon_core.shell:create_environment_hook('parking_sim', 'ament_prefix_path')
[0.798s] INFO:colcon.colcon_core.shell:Creating environment hook '/home/shiha/ros2_ws/install/parking_sim/share/parking_sim/hook/ament_prefix_path.ps1'
[0.799s] INFO:colcon.colcon_core.shell:Creating environment descriptor '/home/shiha/ros2_ws/install/parking_sim/share/parking_sim/hook/ament_prefix_path.dsv'
[0.800s] INFO:colcon.colcon_core.shell:Creating environment hook '/home/shiha/ros2_ws/install/parking_sim/share/parking_sim/hook/ament_prefix_path.sh'
[0.800s] INFO:colcon.colcon_core.shell:Skip shell extension 'powershell' for command environment: Not usable outside of PowerShell
[0.800s] DEBUG:colcon.colcon_core.shell:Skip shell extension 'dsv' for command environment
[0.969s] INFO:colcon.colcon_core.task.python.build:Building Python package in '/home/shiha/ros2_ws/src/cctv_perception'
[0.970s] INFO:colcon.colcon_core.shell:Skip shell extension 'powershell' for command environment: Not usable outside of PowerShell
[0.970s] DEBUG:colcon.colcon_core.shell:Skip shell extension 'dsv' for command environment
[1.295s] WARNING:colcon.colcon_ros.task.ament_python.build:Package 'parking_sim' doesn't explicitly install a marker in the package index (colcon-ros currently does it implicitly but that fallback will be removed in the future)
[1.295s] INFO:colcon.colcon_core.task.python.build:Building Python package in '/home/shiha/ros2_ws/src/parking_sim'
[1.296s] INFO:colcon.colcon_core.shell:Skip shell extension 'powershell' for command environment: Not usable outside of PowerShell
[1.296s] DEBUG:colcon.colcon_core.shell:Skip shell extension 'dsv' for command environment
[2.017s] DEBUG:colcon.colcon_core.event_handler.log_command:Invoking command in '/home/shiha/ros2_ws/src/parking_sim': CONDA_PROMPT_MODIFIER=(base) PYTHONPATH=/home/shiha/ros2_ws/build/parking_sim/prefix_override:/usr/lib/python3/dist-packages/colcon_core/task/python/colcon_distutils_commands:/home/shiha/ros2_ws/install/parking_sim/lib/python3.12/site-packages:${PYTHONPATH} /usr/bin/python3 -W ignore:setup.py install is deprecated -W ignore:easy_install command is deprecated setup.py egg_info --egg-base ../../build/parking_sim build --build-base /home/shiha/ros2_ws/build/parking_sim/build install --record /home/shiha/ros2_ws/build/parking_sim/install.log --single-version-externally-managed install_data
[2.024s] DEBUG:colcon.colcon_core.event_handler.log_command:Invoking command in '/home/shiha/ros2_ws/src/cctv_perception': CONDA_PROMPT_MODIFIER=(base) PYTHONPATH=/home/shiha/ros2_ws/build/cctv_perception/prefix_override:/usr/lib/python3/dist-packages/colcon_core/task/python/colcon_distutils_commands:/home/shiha/ros2_ws/install/cctv_perception/lib/python3.12/site-packages:${PYTHONPATH} /usr/bin/python3 -W ignore:setup.py install is deprecated -W ignore:easy_install command is deprecated setup.py egg_info --egg-base ../../build/cctv_perception build --build-base /home/shiha/ros2_ws/build/cctv_perception/build install --record /home/shiha/ros2_ws/build/cctv_perception/install.log --single-version-externally-managed install_data
[2.027s] DEBUG:colcon.colcon_core.event_handler.log_command:Invoking command in '/home/shiha/ros2_ws/src/my_python_pkg': CONDA_PROMPT_MODIFIER=(base) PYTHONPATH=/home/shiha/ros2_ws/build/my_python_pkg/prefix_override:/usr/lib/python3/dist-packages/colcon_core/task/python/colcon_distutils_commands:/home/shiha/ros2_ws/install/my_python_pkg/lib/python3.12/site-packages:${PYTHONPATH} /usr/bin/python3 -W ignore:setup.py install is deprecated -W ignore:easy_install command is deprecated setup.py egg_info --egg-base ../../build/my_python_pkg build --build-base /home/shiha/ros2_ws/build/my_python_pkg/build install --record /home/shiha/ros2_ws/build/my_python_pkg/install.log --single-version-externally-managed install_data
[2.437s] DEBUG:colcon.colcon_core.event_handler.log_command:Invoked command in '/home/shiha/ros2_ws/src/my_python_pkg' returned '0': CONDA_PROMPT_MODIFIER=(base) PYTHONPATH=/home/shiha/ros2_ws/build/my_python_pkg/prefix_override:/usr/lib/python3/dist-packages/colcon_core/task/python/colcon_distutils_commands:/home/shiha/ros2_ws/install/my_python_pkg/lib/python3.12/site-packages:${PYTHONPATH} /usr/bin/python3 -W ignore:setup.py install is deprecated -W ignore:easy_install command is deprecated setup.py egg_info --egg-base ../../build/my_python_pkg build --build-base /home/shiha/ros2_ws/build/my_python_pkg/build install --record /home/shiha/ros2_ws/build/my_python_pkg/install.log --single-version-externally-managed install_data
[2.448s] Level 1:colcon.colcon_core.environment:checking '/home/shiha/ros2_ws/install/my_python_pkg' for CMake module files
[2.450s] Level 1:colcon.colcon_core.environment:checking '/home/shiha/ros2_ws/install/my_python_pkg' for CMake config files
[2.453s] Level 1:colcon.colcon_core.environment:checking '/home/shiha/ros2_ws/install/my_python_pkg/lib'
[2.453s] Level 1:colcon.colcon_core.environment:checking '/home/shiha/ros2_ws/install/my_python_pkg/bin'
[2.453s] Level 1:colcon.colcon_core.environment:checking '/home/shiha/ros2_ws/install/my_python_pkg/lib/pkgconfig/my_python_pkg.pc'
[2.453s] Level 1:colcon.colcon_core.environment:checking '/home/shiha/ros2_ws/install/my_python_pkg/lib/python3.12/site-packages'
[2.454s] Level 1:colcon.colcon_core.shell:create_environment_hook('my_python_pkg', 'pythonpath')
[2.454s] INFO:colcon.colcon_core.shell:Creating environment hook '/home/shiha/ros2_ws/install/my_python_pkg/share/my_python_pkg/hook/pythonpath.ps1'
[2.455s] INFO:colcon.colcon_core.shell:Creating environment descriptor '/home/shiha/ros2_ws/install/my_python_pkg/share/my_python_pkg/hook/pythonpath.dsv'
[2.455s] INFO:colcon.colcon_core.shell:Creating environment hook '/home/shiha/ros2_ws/install/my_python_pkg/share/my_python_pkg/hook/pythonpath.sh'
[2.455s] Level 1:colcon.colcon_core.environment:checking '/home/shiha/ros2_ws/install/my_python_pkg/bin'
[2.455s] Level 1:colcon.colcon_core.environment:create_environment_scripts_only(my_python_pkg)
[2.456s] INFO:colcon.colcon_core.shell:Creating package script '/home/shiha/ros2_ws/install/my_python_pkg/share/my_python_pkg/package.ps1'
[2.457s] INFO:colcon.colcon_core.shell:Creating package descriptor '/home/shiha/ros2_ws/install/my_python_pkg/share/my_python_pkg/package.dsv'
[2.457s] INFO:colcon.colcon_core.shell:Creating package script '/home/shiha/ros2_ws/install/my_python_pkg/share/my_python_pkg/package.sh'
[2.459s] INFO:colcon.colcon_core.shell:Creating package script '/home/shiha/ros2_ws/install/my_python_pkg/share/my_python_pkg/package.bash'
[2.460s] INFO:colcon.colcon_core.shell:Creating package script '/home/shiha/ros2_ws/install/my_python_pkg/share/my_python_pkg/package.zsh'
[2.460s] Level 1:colcon.colcon_core.environment:create_file_with_runtime_dependencies(/home/shiha/ros2_ws/install/my_python_pkg/share/colcon-core/packages/my_python_pkg)
[2.462s] Level 1:colcon.colcon_core.environment:checking '/home/shiha/ros2_ws/install/cctv_perception' for CMake module files
[2.463s] DEBUG:colcon.colcon_core.event_handler.log_command:Invoked command in '/home/shiha/ros2_ws/src/cctv_perception' returned '0': CONDA_PROMPT_MODIFIER=(base) PYTHONPATH=/home/shiha/ros2_ws/build/cctv_perception/prefix_override:/usr/lib/python3/dist-packages/colcon_core/task/python/colcon_distutils_commands:/home/shiha/ros2_ws/install/cctv_perception/lib/python3.12/site-packages:${PYTHONPATH} /usr/bin/python3 -W ignore:setup.py install is deprecated -W ignore:easy_install command is deprecated setup.py egg_info --egg-base ../../build/cctv_perception build --build-base /home/shiha/ros2_ws/build/cctv_perception/build install --record /home/shiha/ros2_ws/build/cctv_perception/install.log --single-version-externally-managed install_data
[2.463s] Level 1:colcon.colcon_core.environment:checking '/home/shiha/ros2_ws/install/cctv_perception' for CMake config files
[2.464s] Level 1:colcon.colcon_core.environment:checking '/home/shiha/ros2_ws/install/cctv_perception/lib'
[2.464s] Level 1:colcon.colcon_core.environment:checking '/home/shiha/ros2_ws/install/cctv_perception/bin'
[2.464s] Level 1:colcon.colcon_core.environment:checking '/home/shiha/ros2_ws/install/cctv_perception/lib/pkgconfig/cctv_perception.pc'
[2.464s] Level 1:colcon.colcon_core.environment:checking '/home/shiha/ros2_ws/install/cctv_perception/lib/python3.12/site-packages'
[2.464s] Level 1:colcon.colcon_core.shell:create_environment_hook('cctv_perception', 'pythonpath')
[2.464s] INFO:colcon.colcon_core.shell:Creating environment hook '/home/shiha/ros2_ws/install/cctv_perception/share/cctv_perception/hook/pythonpath.ps1'
[2.465s] INFO:colcon.colcon_core.shell:Creating environment descriptor '/home/shiha/ros2_ws/install/cctv_perception/share/cctv_perception/hook/pythonpath.dsv'
[2.465s] INFO:colcon.colcon_core.shell:Creating environment hook '/home/shiha/ros2_ws/install/cctv_perception/share/cctv_perception/hook/pythonpath.sh'
[2.466s] Level 1:colcon.colcon_core.environment:checking '/home/shiha/ros2_ws/install/cctv_perception/bin'
[2.466s] Level 1:colcon.colcon_core.environment:create_environment_scripts_only(cctv_perception)
[2.466s] INFO:colcon.colcon_core.shell:Creating package script '/home/shiha/ros2_ws/install/cctv_perception/share/cctv_perception/package.ps1'
[2.466s] INFO:colcon.colcon_core.shell:Creating package descriptor '/home/shiha/ros2_ws/install/cctv_perception/share/cctv_perception/package.dsv'
[2.467s] INFO:colcon.colcon_core.shell:Creating package script '/home/shiha/ros2_ws/install/cctv_perception/share/cctv_perception/package.sh'
[2.467s] INFO:colcon.colcon_core.shell:Creating package script '/home/shiha/ros2_ws/install/cctv_perception/share/cctv_perception/package.bash'
[2.467s] INFO:colcon.colcon_core.shell:Creating package script '/home/shiha/ros2_ws/install/cctv_perception/share/cctv_perception/package.zsh'
[2.467s] Level 1:colcon.colcon_core.environment:create_file_with_runtime_dependencies(/home/shiha/ros2_ws/install/cctv_perception/share/colcon-core/packages/cctv_perception)
[2.468s] Level 1:colcon.colcon_core.environment:checking '/home/shiha/ros2_ws/install/parking_sim' for CMake module files
[2.469s] DEBUG:colcon.colcon_core.event_handler.log_command:Invoked command in '/home/shiha/ros2_ws/src/parking_sim' returned '0': CONDA_PROMPT_MODIFIER=(base) PYTHONPATH=/home/shiha/ros2_ws/build/parking_sim/prefix_override:/usr/lib/python3/dist-packages/colcon_core/task/python/colcon_distutils_commands:/home/shiha/ros2_ws/install/parking_sim/lib/python3.12/site-packages:${PYTHONPATH} /usr/bin/python3 -W ignore:setup.py install is deprecated -W ignore:easy_install command is deprecated setup.py egg_info --egg-base ../../build/parking_sim build --build-base /home/shiha/ros2_ws/build/parking_sim/build install --record /home/shiha/ros2_ws/build/parking_sim/install.log --single-version-externally-managed install_data
[2.470s] Level 1:colcon.colcon_core.environment:checking '/home/shiha/ros2_ws/install/parking_sim' for CMake config files
[2.473s] Level 1:colcon.colcon_core.environment:checking '/home/shiha/ros2_ws/install/parking_sim/lib'
[2.473s] Level 1:colcon.colcon_core.environment:checking '/home/shiha/ros2_ws/install/parking_sim/bin'
[2.473s] Level 1:colcon.colcon_core.environment:checking '/home/shiha/ros2_ws/install/parking_sim/lib/pkgconfig/parking_sim.pc'
[2.473s] Level 1:colcon.colcon_core.environment:checking '/home/shiha/ros2_ws/install/parking_sim/lib/python3.12/site-packages'
[2.473s] Level 1:colcon.colcon_core.shell:create_environment_hook('parking_sim', 'pythonpath')
[2.473s] INFO:colcon.colcon_core.shell:Creating environment hook '/home/shiha/ros2_ws/install/parking_sim/share/parking_sim/hook/pythonpath.ps1'
[2.474s] INFO:colcon.colcon_core.shell:Creating environment descriptor '/home/shiha/ros2_ws/install/parking_sim/share/parking_sim/hook/pythonpath.dsv'
[2.474s] INFO:colcon.colcon_core.shell:Creating environment hook '/home/shiha/ros2_ws/install/parking_sim/share/parking_sim/hook/pythonpath.sh'
[2.475s] Level 1:colcon.colcon_core.environment:checking '/home/shiha/ros2_ws/install/parking_sim/bin'
[2.475s] Level 1:colcon.colcon_core.environment:create_environment_scripts_only(parking_sim)
[2.475s] INFO:colcon.colcon_core.shell:Creating package script '/home/shiha/ros2_ws/install/parking_sim/share/parking_sim/package.ps1'
[2.476s] INFO:colcon.colcon_core.shell:Creating package descriptor '/home/shiha/ros2_ws/install/parking_sim/share/parking_sim/package.dsv'
[2.476s] INFO:colcon.colcon_core.shell:Creating package script '/home/shiha/ros2_ws/install/parking_sim/share/parking_sim/package.sh'
[2.477s] INFO:colcon.colcon_core.shell:Creating package script '/home/shiha/ros2_ws/install/parking_sim/share/parking_sim/package.bash'
[2.477s] INFO:colcon.colcon_core.shell:Creating package script '/home/shiha/ros2_ws/install/parking_sim/share/parking_sim/package.zsh'
[2.478s] Level 1:colcon.colcon_core.environment:create_file_with_runtime_dependencies(/home/shiha/ros2_ws/install/parking_sim/share/colcon-core/packages/parking_sim)
[2.478s] DEBUG:colcon.colcon_parallel_executor.executor.parallel:closing loop
[2.479s] DEBUG:colcon.colcon_parallel_executor.executor.parallel:loop closed
[2.479s] DEBUG:colcon.colcon_parallel_executor.executor.parallel:run_until_complete finished with '0'
[2.479s] DEBUG:colcon.colcon_core.event_reactor:joining thread
[2.561s] INFO:colcon.colcon_core.plugin_system:Skipping extension 'colcon_notification.desktop_notification.notify_send': Could not find 'notify-send'
[2.561s] INFO:colcon.colcon_core.plugin_system:Skipping extension 'colcon_notification.desktop_notification.terminal_notifier': Not used on non-Darwin systems
[2.561s] INFO:colcon.colcon_core.plugin_system:Skipping extension 'colcon_notification.desktop_notification.win32': Not used on non-Windows systems
[2.562s] INFO:colcon.colcon_notification.desktop_notification:Sending desktop notification using 'notify2'
[2.577s] DEBUG:colcon.colcon_notification.desktop_notification.notify2:Failed to initialize notify2: org.freedesktop.DBus.Error.ServiceUnknown: The name org.freedesktop.Notifications was not provided by any .service files
[2.577s] DEBUG:colcon.colcon_core.event_reactor:joined thread
[2.578s] INFO:colcon.colcon_core.shell:Creating prefix script '/home/shiha/ros2_ws/install/local_setup.ps1'
[2.579s] INFO:colcon.colcon_core.shell:Creating prefix util module '/home/shiha/ros2_ws/install/_local_setup_util_ps1.py'
[2.581s] INFO:colcon.colcon_core.shell:Creating prefix chain script '/home/shiha/ros2_ws/install/setup.ps1'
[2.583s] INFO:colcon.colcon_core.shell:Creating prefix script '/home/shiha/ros2_ws/install/local_setup.sh'
[2.584s] INFO:colcon.colcon_core.shell:Creating prefix util module '/home/shiha/ros2_ws/install/_local_setup_util_sh.py'
[2.585s] INFO:colcon.colcon_core.shell:Creating prefix chain script '/home/shiha/ros2_ws/install/setup.sh'
[2.587s] INFO:colcon.colcon_core.shell:Creating prefix script '/home/shiha/ros2_ws/install/local_setup.bash'
[2.588s] INFO:colcon.colcon_core.shell:Creating prefix chain script '/home/shiha/ros2_ws/install/setup.bash'
[2.589s] INFO:colcon.colcon_core.shell:Creating prefix script '/home/shiha/ros2_ws/install/local_setup.zsh'
[2.590s] INFO:colcon.colcon_core.shell:Creating prefix chain script '/home/shiha/ros2_ws/install/setup.zsh'
