/home/shiha/ros2_ws/install/parking_system/lib/python3.12/site-packages/parking_system/cctv_node.py
/home/shiha/ros2_ws/install/parking_system/lib/python3.12/site-packages/parking_system/__init__.py
/home/shiha/ros2_ws/install/parking_system/lib/python3.12/site-packages/parking_system/orchestrator.py
/home/shiha/ros2_ws/install/parking_system/lib/python3.12/site-packages/parking_system/robot_node.py
/home/shiha/ros2_ws/install/parking_system/lib/python3.12/site-packages/parking_system/__pycache__/cctv_node.cpython-312.pyc
/home/shiha/ros2_ws/install/parking_system/lib/python3.12/site-packages/parking_system/__pycache__/__init__.cpython-312.pyc
/home/shiha/ros2_ws/install/parking_system/lib/python3.12/site-packages/parking_system/__pycache__/orchestrator.cpython-312.pyc
/home/shiha/ros2_ws/install/parking_system/lib/python3.12/site-packages/parking_system/__pycache__/robot_node.cpython-312.pyc
/home/shiha/ros2_ws/install/parking_system/share/parking_system/package.xml
/home/shiha/ros2_ws/install/parking_system/share/parking_system/launch/system_launch.py
/home/shiha/ros2_ws/install/parking_system/lib/python3.12/site-packages/parking_system-1.0.0-py3.12.egg-info/entry_points.txt
/home/shiha/ros2_ws/install/parking_system/lib/python3.12/site-packages/parking_system-1.0.0-py3.12.egg-info/dependency_links.txt
/home/shiha/ros2_ws/install/parking_system/lib/python3.12/site-packages/parking_system-1.0.0-py3.12.egg-info/SOURCES.txt
/home/shiha/ros2_ws/install/parking_system/lib/python3.12/site-packages/parking_system-1.0.0-py3.12.egg-info/requires.txt
/home/shiha/ros2_ws/install/parking_system/lib/python3.12/site-packages/parking_system-1.0.0-py3.12.egg-info/top_level.txt
/home/shiha/ros2_ws/install/parking_system/lib/python3.12/site-packages/parking_system-1.0.0-py3.12.egg-info/zip-safe
/home/shiha/ros2_ws/install/parking_system/lib/python3.12/site-packages/parking_system-1.0.0-py3.12.egg-info/PKG-INFO
/home/shiha/ros2_ws/install/parking_system/lib/parking_system/cctv
/home/shiha/ros2_ws/install/parking_system/lib/parking_system/orchestrator
/home/shiha/ros2_ws/install/parking_system/lib/parking_system/robot
