[0.312s] DEBUG:colcon:Command line arguments: ['/usr/bin/colcon', 'build', '--packages-select', 'parking_system']
[0.313s] DEBUG:colcon:Parsed command line arguments: Namespace(log_base=None, log_level=None, verb_name='build', build_base='build', install_base='install', merge_install=False, symlink_install=False, test_result_base=None, continue_on_error=False, executor='parallel', parallel_workers=18, event_handlers=None, ignore_user_meta=False, metas=['./colcon.meta'], base_paths=['.'], packages_ignore=None, packages_ignore_regex=None, paths=None, packages_up_to=None, packages_up_to_regex=None, packages_above=None, packages_above_and_dependencies=None, packages_above_depth=None, packages_select_by_dep=None, packages_skip_by_dep=None, packages_skip_up_to=None, packages_select_build_failed=False, packages_skip_build_finished=False, packages_select_test_failures=False, packages_skip_test_passed=False, packages_select=['parking_system'], packages_skip=None, packages_select_regex=None, packages_skip_regex=None, packages_start=None, packages_end=None, allow_overriding=[], cmake_args=None, cmake_target=None, cmake_target_skip_unavailable=False, cmake_clean_cache=False, cmake_clean_first=False, cmake_force_configure=False, ament_cmake_args=None, catkin_cmake_args=None, catkin_skip_building_tests=False, mixin_files=None, mixin=None, verb_parser=<colcon_mixin.mixin.mixin_argument.MixinArgumentDecorator object at 0x789905193d70>, verb_extension=<colcon_core.verb.build.BuildVerb object at 0x78990513b410>, main=<bound method BuildVerb.main of <colcon_core.verb.build.BuildVerb object at 0x78990513b410>>, mixin_verb=('build',))
[0.395s] Level 1:colcon.colcon_core.package_discovery:discover_packages(colcon_meta) check parameters
[0.395s] Level 1:colcon.colcon_core.package_discovery:discover_packages(recursive) check parameters
[0.395s] Level 1:colcon.colcon_core.package_discovery:discover_packages(ignore) check parameters
[0.395s] Level 1:colcon.colcon_core.package_discovery:discover_packages(path) check parameters
[0.395s] Level 1:colcon.colcon_core.package_discovery:discover_packages(colcon_meta) discover
[0.395s] Level 1:colcon.colcon_core.package_discovery:discover_packages(recursive) discover
[0.395s] INFO:colcon.colcon_core.package_discovery:Crawling recursively for packages in '/home/shiha/ros2_ws'
[0.395s] Level 1:colcon.colcon_core.package_identification:_identify(.) by extensions ['ignore', 'ignore_ament_install']
[0.395s] Level 1:colcon.colcon_core.package_identification:_identify(.) by extension 'ignore'
[0.395s] Level 1:colcon.colcon_core.package_identification:_identify(.) by extension 'ignore_ament_install'
[0.395s] Level 1:colcon.colcon_core.package_identification:_identify(.) by extensions ['colcon_pkg']
[0.395s] Level 1:colcon.colcon_core.package_identification:_identify(.) by extension 'colcon_pkg'
[0.395s] Level 1:colcon.colcon_core.package_identification:_identify(.) by extensions ['colcon_meta']
[0.395s] Level 1:colcon.colcon_core.package_identification:_identify(.) by extension 'colcon_meta'
[0.396s] Level 1:colcon.colcon_core.package_identification:_identify(.) by extensions ['ros']
[0.396s] Level 1:colcon.colcon_core.package_identification:_identify(.) by extension 'ros'
[0.438s] Level 1:colcon.colcon_core.package_identification:_identify(.) by extensions ['cmake', 'python']
[0.438s] Level 1:colcon.colcon_core.package_identification:_identify(.) by extension 'cmake'
[0.439s] Level 1:colcon.colcon_core.package_identification:_identify(.) by extension 'python'
[0.439s] Level 1:colcon.colcon_core.package_identification:_identify(.) by extensions ['python_setup_py']
[0.439s] Level 1:colcon.colcon_core.package_identification:_identify(.) by extension 'python_setup_py'
[0.439s] Level 1:colcon.colcon_core.package_identification:_identify(build) by extensions ['ignore', 'ignore_ament_install']
[0.439s] Level 1:colcon.colcon_core.package_identification:_identify(build) by extension 'ignore'
[0.439s] Level 1:colcon.colcon_core.package_identification:_identify(build) ignored
[0.439s] Level 1:colcon.colcon_core.package_identification:_identify(install) by extensions ['ignore', 'ignore_ament_install']
[0.439s] Level 1:colcon.colcon_core.package_identification:_identify(install) by extension 'ignore'
[0.439s] Level 1:colcon.colcon_core.package_identification:_identify(install) ignored
[0.439s] Level 1:colcon.colcon_core.package_identification:_identify(log) by extensions ['ignore', 'ignore_ament_install']
[0.439s] Level 1:colcon.colcon_core.package_identification:_identify(log) by extension 'ignore'
[0.439s] Level 1:colcon.colcon_core.package_identification:_identify(log) ignored
[0.439s] Level 1:colcon.colcon_core.package_identification:_identify(src) by extensions ['ignore', 'ignore_ament_install']
[0.440s] Level 1:colcon.colcon_core.package_identification:_identify(src) by extension 'ignore'
[0.440s] Level 1:colcon.colcon_core.package_identification:_identify(src) by extension 'ignore_ament_install'
[0.440s] Level 1:colcon.colcon_core.package_identification:_identify(src) by extensions ['colcon_pkg']
[0.440s] Level 1:colcon.colcon_core.package_identification:_identify(src) by extension 'colcon_pkg'
[0.440s] Level 1:colcon.colcon_core.package_identification:_identify(src) by extensions ['colcon_meta']
[0.440s] Level 1:colcon.colcon_core.package_identification:_identify(src) by extension 'colcon_meta'
[0.440s] Level 1:colcon.colcon_core.package_identification:_identify(src) by extensions ['ros']
[0.440s] Level 1:colcon.colcon_core.package_identification:_identify(src) by extension 'ros'
[0.444s] DEBUG:colcon.colcon_core.package_identification:Package 'src' with type 'ros.ament_python' and name 'parking_system'
[0.445s] Level 1:colcon.colcon_core.package_discovery:discover_packages(recursive) using defaults
[0.445s] Level 1:colcon.colcon_core.package_discovery:discover_packages(ignore) discover
[0.445s] Level 1:colcon.colcon_core.package_discovery:discover_packages(ignore) using defaults
[0.445s] Level 1:colcon.colcon_core.package_discovery:discover_packages(path) discover
[0.445s] Level 1:colcon.colcon_core.package_discovery:discover_packages(path) using defaults
[0.476s] Level 1:colcon.colcon_core.package_discovery:discover_packages(prefix_path) check parameters
[0.476s] Level 1:colcon.colcon_core.package_discovery:discover_packages(prefix_path) discover
[0.485s] DEBUG:colcon.colcon_installed_package_information.package_discovery:Found 4 installed packages in /home/shiha/my_ws/install
[0.488s] DEBUG:colcon.colcon_installed_package_information.package_discovery:Found 403 installed packages in /opt/ros/jazzy
[0.489s] Level 1:colcon.colcon_core.package_discovery:discover_packages(prefix_path) using defaults
[0.639s] Level 5:colcon.colcon_core.verb:set package 'parking_system' build argument 'cmake_args' from command line to 'None'
[0.639s] Level 5:colcon.colcon_core.verb:set package 'parking_system' build argument 'cmake_target' from command line to 'None'
[0.639s] Level 5:colcon.colcon_core.verb:set package 'parking_system' build argument 'cmake_target_skip_unavailable' from command line to 'False'
[0.639s] Level 5:colcon.colcon_core.verb:set package 'parking_system' build argument 'cmake_clean_cache' from command line to 'False'
[0.639s] Level 5:colcon.colcon_core.verb:set package 'parking_system' build argument 'cmake_clean_first' from command line to 'False'
[0.639s] Level 5:colcon.colcon_core.verb:set package 'parking_system' build argument 'cmake_force_configure' from command line to 'False'
[0.639s] Level 5:colcon.colcon_core.verb:set package 'parking_system' build argument 'ament_cmake_args' from command line to 'None'
[0.639s] Level 5:colcon.colcon_core.verb:set package 'parking_system' build argument 'catkin_cmake_args' from command line to 'None'
[0.639s] Level 5:colcon.colcon_core.verb:set package 'parking_system' build argument 'catkin_skip_building_tests' from command line to 'False'
[0.639s] DEBUG:colcon.colcon_core.verb:Building package 'parking_system' with the following arguments: {'ament_cmake_args': None, 'build_base': '/home/shiha/ros2_ws/build/parking_system', 'catkin_cmake_args': None, 'catkin_skip_building_tests': False, 'cmake_args': None, 'cmake_clean_cache': False, 'cmake_clean_first': False, 'cmake_force_configure': False, 'cmake_target': None, 'cmake_target_skip_unavailable': False, 'install_base': '/home/shiha/ros2_ws/install/parking_system', 'merge_install': False, 'path': '/home/shiha/ros2_ws/src', 'symlink_install': False, 'test_result_base': None}
[0.640s] INFO:colcon.colcon_core.executor:Executing jobs using 'parallel' executor
[0.641s] DEBUG:colcon.colcon_parallel_executor.executor.parallel:run_until_complete
[0.641s] INFO:colcon.colcon_ros.task.ament_python.build:Building ROS package in '/home/shiha/ros2_ws/src' with build type 'ament_python'
[0.641s] Level 1:colcon.colcon_core.shell:create_environment_hook('parking_system', 'ament_prefix_path')
[0.648s] INFO:colcon.colcon_core.plugin_system:Skipping extension 'colcon_core.shell.bat': Not used on non-Windows systems
[0.648s] INFO:colcon.colcon_core.shell:Creating environment hook '/home/shiha/ros2_ws/install/parking_system/share/parking_system/hook/ament_prefix_path.ps1'
[0.650s] INFO:colcon.colcon_core.shell:Creating environment descriptor '/home/shiha/ros2_ws/install/parking_system/share/parking_system/hook/ament_prefix_path.dsv'
[0.650s] INFO:colcon.colcon_core.shell:Creating environment hook '/home/shiha/ros2_ws/install/parking_system/share/parking_system/hook/ament_prefix_path.sh'
[0.651s] INFO:colcon.colcon_core.shell:Skip shell extension 'powershell' for command environment: Not usable outside of PowerShell
[0.651s] DEBUG:colcon.colcon_core.shell:Skip shell extension 'dsv' for command environment
[0.852s] WARNING:colcon.colcon_ros.task.ament_python.build:Package 'parking_system' doesn't explicitly install a marker in the package index (colcon-ros currently does it implicitly but that fallback will be removed in the future)
[0.854s] INFO:colcon.colcon_core.task.python.build:Building Python package in '/home/shiha/ros2_ws/src'
[0.854s] INFO:colcon.colcon_core.shell:Skip shell extension 'powershell' for command environment: Not usable outside of PowerShell
[0.854s] DEBUG:colcon.colcon_core.shell:Skip shell extension 'dsv' for command environment
[1.782s] DEBUG:colcon.colcon_core.event_handler.log_command:Invoking command in '/home/shiha/ros2_ws/src': CONDA_PROMPT_MODIFIER=(base) PYTHONPATH=/home/shiha/ros2_ws/build/parking_system/prefix_override:/usr/lib/python3/dist-packages/colcon_core/task/python/colcon_distutils_commands:/home/shiha/ros2_ws/install/parking_system/lib/python3.12/site-packages:${PYTHONPATH} /usr/bin/python3 -W ignore:setup.py install is deprecated -W ignore:easy_install command is deprecated setup.py egg_info --egg-base ../build/parking_system build --build-base /home/shiha/ros2_ws/build/parking_system/build install --record /home/shiha/ros2_ws/build/parking_system/install.log --single-version-externally-managed install_data
[2.211s] DEBUG:colcon.colcon_core.event_handler.log_command:Invoked command in '/home/shiha/ros2_ws/src' returned '0': CONDA_PROMPT_MODIFIER=(base) PYTHONPATH=/home/shiha/ros2_ws/build/parking_system/prefix_override:/usr/lib/python3/dist-packages/colcon_core/task/python/colcon_distutils_commands:/home/shiha/ros2_ws/install/parking_system/lib/python3.12/site-packages:${PYTHONPATH} /usr/bin/python3 -W ignore:setup.py install is deprecated -W ignore:easy_install command is deprecated setup.py egg_info --egg-base ../build/parking_system build --build-base /home/shiha/ros2_ws/build/parking_system/build install --record /home/shiha/ros2_ws/build/parking_system/install.log --single-version-externally-managed install_data
[2.217s] Level 1:colcon.colcon_core.environment:checking '/home/shiha/ros2_ws/install/parking_system' for CMake module files
[2.217s] Level 1:colcon.colcon_core.environment:checking '/home/shiha/ros2_ws/install/parking_system' for CMake config files
[2.218s] Level 1:colcon.colcon_core.environment:checking '/home/shiha/ros2_ws/install/parking_system/lib'
[2.218s] Level 1:colcon.colcon_core.environment:checking '/home/shiha/ros2_ws/install/parking_system/bin'
[2.218s] Level 1:colcon.colcon_core.environment:checking '/home/shiha/ros2_ws/install/parking_system/lib/pkgconfig/parking_system.pc'
[2.218s] Level 1:colcon.colcon_core.environment:checking '/home/shiha/ros2_ws/install/parking_system/lib/python3.12/site-packages'
[2.218s] Level 1:colcon.colcon_core.shell:create_environment_hook('parking_system', 'pythonpath')
[2.218s] INFO:colcon.colcon_core.shell:Creating environment hook '/home/shiha/ros2_ws/install/parking_system/share/parking_system/hook/pythonpath.ps1'
[2.219s] INFO:colcon.colcon_core.shell:Creating environment descriptor '/home/shiha/ros2_ws/install/parking_system/share/parking_system/hook/pythonpath.dsv'
[2.219s] INFO:colcon.colcon_core.shell:Creating environment hook '/home/shiha/ros2_ws/install/parking_system/share/parking_system/hook/pythonpath.sh'
[2.220s] Level 1:colcon.colcon_core.environment:checking '/home/shiha/ros2_ws/install/parking_system/bin'
[2.220s] Level 1:colcon.colcon_core.environment:create_environment_scripts_only(parking_system)
[2.220s] INFO:colcon.colcon_core.shell:Creating package script '/home/shiha/ros2_ws/install/parking_system/share/parking_system/package.ps1'
[2.221s] INFO:colcon.colcon_core.shell:Creating package descriptor '/home/shiha/ros2_ws/install/parking_system/share/parking_system/package.dsv'
[2.222s] INFO:colcon.colcon_core.shell:Creating package script '/home/shiha/ros2_ws/install/parking_system/share/parking_system/package.sh'
[2.223s] INFO:colcon.colcon_core.shell:Creating package script '/home/shiha/ros2_ws/install/parking_system/share/parking_system/package.bash'
[2.224s] INFO:colcon.colcon_core.shell:Creating package script '/home/shiha/ros2_ws/install/parking_system/share/parking_system/package.zsh'
[2.225s] Level 1:colcon.colcon_core.environment:create_file_with_runtime_dependencies(/home/shiha/ros2_ws/install/parking_system/share/colcon-core/packages/parking_system)
[2.226s] DEBUG:colcon.colcon_parallel_executor.executor.parallel:closing loop
[2.226s] DEBUG:colcon.colcon_parallel_executor.executor.parallel:loop closed
[2.227s] DEBUG:colcon.colcon_parallel_executor.executor.parallel:run_until_complete finished with '0'
[2.227s] DEBUG:colcon.colcon_core.event_reactor:joining thread
[2.277s] INFO:colcon.colcon_core.plugin_system:Skipping extension 'colcon_notification.desktop_notification.notify_send': Could not find 'notify-send'
[2.277s] INFO:colcon.colcon_core.plugin_system:Skipping extension 'colcon_notification.desktop_notification.terminal_notifier': Not used on non-Darwin systems
[2.277s] INFO:colcon.colcon_core.plugin_system:Skipping extension 'colcon_notification.desktop_notification.win32': Not used on non-Windows systems
[2.277s] INFO:colcon.colcon_notification.desktop_notification:Sending desktop notification using 'notify2'
[2.281s] DEBUG:colcon.colcon_notification.desktop_notification.notify2:Failed to initialize notify2: org.freedesktop.DBus.Error.ServiceUnknown: The name org.freedesktop.Notifications was not provided by any .service files
[2.281s] DEBUG:colcon.colcon_core.event_reactor:joined thread
[2.281s] INFO:colcon.colcon_core.shell:Creating prefix script '/home/shiha/ros2_ws/install/local_setup.ps1'
[2.283s] INFO:colcon.colcon_core.shell:Creating prefix util module '/home/shiha/ros2_ws/install/_local_setup_util_ps1.py'
[2.284s] INFO:colcon.colcon_core.shell:Creating prefix chain script '/home/shiha/ros2_ws/install/setup.ps1'
[2.285s] INFO:colcon.colcon_core.shell:Creating prefix script '/home/shiha/ros2_ws/install/local_setup.sh'
[2.286s] INFO:colcon.colcon_core.shell:Creating prefix util module '/home/shiha/ros2_ws/install/_local_setup_util_sh.py'
[2.286s] INFO:colcon.colcon_core.shell:Creating prefix chain script '/home/shiha/ros2_ws/install/setup.sh'
[2.287s] INFO:colcon.colcon_core.shell:Creating prefix script '/home/shiha/ros2_ws/install/local_setup.bash'
[2.288s] INFO:colcon.colcon_core.shell:Creating prefix chain script '/home/shiha/ros2_ws/install/setup.bash'
[2.289s] INFO:colcon.colcon_core.shell:Creating prefix script '/home/shiha/ros2_ws/install/local_setup.zsh'
[2.290s] INFO:colcon.colcon_core.shell:Creating prefix chain script '/home/shiha/ros2_ws/install/setup.zsh'
