running develop
Removing /home/shiha/ros2_ws/install/my_python_pkg/lib/python3.12/site-packages/my-python-pkg.egg-link (link to .)
running egg_info
writing ../../build/my_python_pkg/my_python_pkg.egg-info/PKG-INFO
writing dependency_links to ../../build/my_python_pkg/my_python_pkg.egg-info/dependency_links.txt
writing entry points to ../../build/my_python_pkg/my_python_pkg.egg-info/entry_points.txt
writing requirements to ../../build/my_python_pkg/my_python_pkg.egg-info/requires.txt
writing top-level names to ../../build/my_python_pkg/my_python_pkg.egg-info/top_level.txt
reading manifest file '../../build/my_python_pkg/my_python_pkg.egg-info/SOURCES.txt'
writing manifest file '../../build/my_python_pkg/my_python_pkg.egg-info/SOURCES.txt'
running build
running build_py
creating /home/shiha/ros2_ws/build/my_python_pkg/build
creating /home/shiha/ros2_ws/build/my_python_pkg/build/lib
creating /home/shiha/ros2_ws/build/my_python_pkg/build/lib/my_python_pkg
copying my_python_pkg/sim_launch.py -> /home/shiha/ros2_ws/build/my_python_pkg/build/lib/my_python_pkg
copying my_python_pkg/visualizer.py -> /home/shiha/ros2_ws/build/my_python_pkg/build/lib/my_python_pkg
copying my_python_pkg/__init__.py -> /home/shiha/ros2_ws/build/my_python_pkg/build/lib/my_python_pkg
copying my_python_pkg/sim_robot.py -> /home/shiha/ros2_ws/build/my_python_pkg/build/lib/my_python_pkg
copying my_python_pkg/nav_controller.py -> /home/shiha/ros2_ws/build/my_python_pkg/build/lib/my_python_pkg
copying my_python_pkg/sim_cctv.py -> /home/shiha/ros2_ws/build/my_python_pkg/build/lib/my_python_pkg
running install
running install_lib
creating /home/shiha/ros2_ws/install/my_python_pkg/lib/python3.12/site-packages/my_python_pkg
copying /home/shiha/ros2_ws/build/my_python_pkg/build/lib/my_python_pkg/sim_launch.py -> /home/shiha/ros2_ws/install/my_python_pkg/lib/python3.12/site-packages/my_python_pkg
copying /home/shiha/ros2_ws/build/my_python_pkg/build/lib/my_python_pkg/visualizer.py -> /home/shiha/ros2_ws/install/my_python_pkg/lib/python3.12/site-packages/my_python_pkg
copying /home/shiha/ros2_ws/build/my_python_pkg/build/lib/my_python_pkg/__init__.py -> /home/shiha/ros2_ws/install/my_python_pkg/lib/python3.12/site-packages/my_python_pkg
copying /home/shiha/ros2_ws/build/my_python_pkg/build/lib/my_python_pkg/sim_robot.py -> /home/shiha/ros2_ws/install/my_python_pkg/lib/python3.12/site-packages/my_python_pkg
copying /home/shiha/ros2_ws/build/my_python_pkg/build/lib/my_python_pkg/nav_controller.py -> /home/shiha/ros2_ws/install/my_python_pkg/lib/python3.12/site-packages/my_python_pkg
copying /home/shiha/ros2_ws/build/my_python_pkg/build/lib/my_python_pkg/sim_cctv.py -> /home/shiha/ros2_ws/install/my_python_pkg/lib/python3.12/site-packages/my_python_pkg
byte-compiling /home/shiha/ros2_ws/install/my_python_pkg/lib/python3.12/site-packages/my_python_pkg/sim_launch.py to sim_launch.cpython-312.pyc
byte-compiling /home/shiha/ros2_ws/install/my_python_pkg/lib/python3.12/site-packages/my_python_pkg/visualizer.py to visualizer.cpython-312.pyc
byte-compiling /home/shiha/ros2_ws/install/my_python_pkg/lib/python3.12/site-packages/my_python_pkg/__init__.py to __init__.cpython-312.pyc
byte-compiling /home/shiha/ros2_ws/install/my_python_pkg/lib/python3.12/site-packages/my_python_pkg/sim_robot.py to sim_robot.cpython-312.pyc
byte-compiling /home/shiha/ros2_ws/install/my_python_pkg/lib/python3.12/site-packages/my_python_pkg/nav_controller.py to nav_controller.cpython-312.pyc
byte-compiling /home/shiha/ros2_ws/install/my_python_pkg/lib/python3.12/site-packages/my_python_pkg/sim_cctv.py to sim_cctv.cpython-312.pyc
running install_data
copying resource/my_python_pkg -> /home/shiha/ros2_ws/install/my_python_pkg/share/ament_index/resource_index/packages
copying package.xml -> /home/shiha/ros2_ws/install/my_python_pkg/share/my_python_pkg
running install_egg_info
Copying ../../build/my_python_pkg/my_python_pkg.egg-info to /home/shiha/ros2_ws/install/my_python_pkg/lib/python3.12/site-packages/my_python_pkg-0.0.0-py3.12.egg-info
running install_scripts
Installing my_node script to /home/shiha/ros2_ws/install/my_python_pkg/lib/my_python_pkg
writing list of installed files to '/home/shiha/ros2_ws/build/my_python_pkg/install.log'
