[1.140s] Invoking command in '/home/shiha/ros2_ws/src': CONDA_PROMPT_MODIFIER=(base) PYTHONPATH=/home/shiha/ros2_ws/build/parking_system/prefix_override:/usr/lib/python3/dist-packages/colcon_core/task/python/colcon_distutils_commands:/home/shiha/ros2_ws/install/parking_system/lib/python3.12/site-packages:${PYTHONPATH} /usr/bin/python3 -W ignore:setup.py install is deprecated -W ignore:easy_install command is deprecated setup.py egg_info --egg-base ../build/parking_system build --build-base /home/shiha/ros2_ws/build/parking_system/build install --record /home/shiha/ros2_ws/build/parking_system/install.log --single-version-externally-managed install_data
[1.351s] running egg_info
[1.351s] creating ../build/parking_system/parking_system.egg-info
[1.366s] writing ../build/parking_system/parking_system.egg-info/PKG-INFO
[1.366s] writing dependency_links to ../build/parking_system/parking_system.egg-info/dependency_links.txt
[1.367s] writing entry points to ../build/parking_system/parking_system.egg-info/entry_points.txt
[1.367s] writing requirements to ../build/parking_system/parking_system.egg-info/requires.txt
[1.367s] writing top-level names to ../build/parking_system/parking_system.egg-info/top_level.txt
[1.367s] writing manifest file '../build/parking_system/parking_system.egg-info/SOURCES.txt'
[1.397s] reading manifest file '../build/parking_system/parking_system.egg-info/SOURCES.txt'
[1.398s] writing manifest file '../build/parking_system/parking_system.egg-info/SOURCES.txt'
[1.398s] running build
[1.398s] running build_py
[1.398s] creating /home/shiha/ros2_ws/build/parking_system/build
[1.399s] creating /home/shiha/ros2_ws/build/parking_system/build/lib
[1.399s] creating /home/shiha/ros2_ws/build/parking_system/build/lib/parking_system
[1.400s] copying parking_system/cctv_node.py -> /home/shiha/ros2_ws/build/parking_system/build/lib/parking_system
[1.400s] copying parking_system/__init__.py -> /home/shiha/ros2_ws/build/parking_system/build/lib/parking_system
[1.400s] copying parking_system/orchestrator.py -> /home/shiha/ros2_ws/build/parking_system/build/lib/parking_system
[1.400s] copying parking_system/robot_node.py -> /home/shiha/ros2_ws/build/parking_system/build/lib/parking_system
[1.400s] running install
[1.405s] running install_lib
[1.420s] creating /home/shiha/ros2_ws/install/parking_system/lib/python3.12/site-packages/parking_system
[1.421s] copying /home/shiha/ros2_ws/build/parking_system/build/lib/parking_system/cctv_node.py -> /home/shiha/ros2_ws/install/parking_system/lib/python3.12/site-packages/parking_system
[1.421s] copying /home/shiha/ros2_ws/build/parking_system/build/lib/parking_system/__init__.py -> /home/shiha/ros2_ws/install/parking_system/lib/python3.12/site-packages/parking_system
[1.421s] copying /home/shiha/ros2_ws/build/parking_system/build/lib/parking_system/orchestrator.py -> /home/shiha/ros2_ws/install/parking_system/lib/python3.12/site-packages/parking_system
[1.421s] copying /home/shiha/ros2_ws/build/parking_system/build/lib/parking_system/robot_node.py -> /home/shiha/ros2_ws/install/parking_system/lib/python3.12/site-packages/parking_system
[1.421s] byte-compiling /home/shiha/ros2_ws/install/parking_system/lib/python3.12/site-packages/parking_system/cctv_node.py to cctv_node.cpython-312.pyc
[1.424s] byte-compiling /home/shiha/ros2_ws/install/parking_system/lib/python3.12/site-packages/parking_system/__init__.py to __init__.cpython-312.pyc
[1.424s] byte-compiling /home/shiha/ros2_ws/install/parking_system/lib/python3.12/site-packages/parking_system/orchestrator.py to orchestrator.cpython-312.pyc
[1.425s] byte-compiling /home/shiha/ros2_ws/install/parking_system/lib/python3.12/site-packages/parking_system/robot_node.py to robot_node.cpython-312.pyc
[1.427s] running install_data
[1.427s] copying package.xml -> /home/shiha/ros2_ws/install/parking_system/share/parking_system
[1.427s] creating /home/shiha/ros2_ws/install/parking_system/share/parking_system/launch
[1.427s] copying launch/system_launch.py -> /home/shiha/ros2_ws/install/parking_system/share/parking_system/launch
[1.428s] running install_egg_info
[1.444s] Copying ../build/parking_system/parking_system.egg-info to /home/shiha/ros2_ws/install/parking_system/lib/python3.12/site-packages/parking_system-1.0.0-py3.12.egg-info
[1.445s] running install_scripts
[1.543s] Installing cctv script to /home/shiha/ros2_ws/install/parking_system/lib/parking_system
[1.544s] Installing orchestrator script to /home/shiha/ros2_ws/install/parking_system/lib/parking_system
[1.545s] Installing robot script to /home/shiha/ros2_ws/install/parking_system/lib/parking_system
[1.546s] writing list of installed files to '/home/shiha/ros2_ws/build/parking_system/install.log'
[1.569s] Invoked command in '/home/shiha/ros2_ws/src' returned '0': CONDA_PROMPT_MODIFIER=(base) PYTHONPATH=/home/shiha/ros2_ws/build/parking_system/prefix_override:/usr/lib/python3/dist-packages/colcon_core/task/python/colcon_distutils_commands:/home/shiha/ros2_ws/install/parking_system/lib/python3.12/site-packages:${PYTHONPATH} /usr/bin/python3 -W ignore:setup.py install is deprecated -W ignore:easy_install command is deprecated setup.py egg_info --egg-base ../build/parking_system build --build-base /home/shiha/ros2_ws/build/parking_system/build install --record /home/shiha/ros2_ws/build/parking_system/install.log --single-version-externally-managed install_data
