[1.120s] Invoking command in '/home/shiha/ros2_ws/src/my_python_pkg': CONDA_PROMPT_MODIFIER=(base) PYTHONPATH=/home/shiha/ros2_ws/build/my_python_pkg/prefix_override:/usr/lib/python3/dist-packages/colcon_core/task/python/colcon_distutils_commands:/home/shiha/ros2_ws/install/my_python_pkg/lib/python3.12/site-packages:${PYTHONPATH} /usr/bin/python3 -W ignore:setup.py install is deprecated -W ignore:easy_install command is deprecated setup.py egg_info --egg-base ../../build/my_python_pkg build --build-base /home/shiha/ros2_ws/build/my_python_pkg/build install --record /home/shiha/ros2_ws/build/my_python_pkg/install.log --single-version-externally-managed install_data
[1.327s] running egg_info
[1.341s] writing ../../build/my_python_pkg/my_python_pkg.egg-info/PKG-INFO
[1.341s] writing dependency_links to ../../build/my_python_pkg/my_python_pkg.egg-info/dependency_links.txt
[1.342s] writing entry points to ../../build/my_python_pkg/my_python_pkg.egg-info/entry_points.txt
[1.342s] writing requirements to ../../build/my_python_pkg/my_python_pkg.egg-info/requires.txt
[1.342s] writing top-level names to ../../build/my_python_pkg/my_python_pkg.egg-info/top_level.txt
[1.371s] reading manifest file '../../build/my_python_pkg/my_python_pkg.egg-info/SOURCES.txt'
[1.373s] writing manifest file '../../build/my_python_pkg/my_python_pkg.egg-info/SOURCES.txt'
[1.375s] running build
[1.375s] running build_py
[1.375s] running install
[1.380s] running install_lib
[1.393s] running install_data
[1.393s] running install_egg_info
[1.409s] removing '/home/shiha/ros2_ws/install/my_python_pkg/lib/python3.12/site-packages/my_python_pkg-0.0.0-py3.12.egg-info' (and everything under it)
[1.409s] Copying ../../build/my_python_pkg/my_python_pkg.egg-info to /home/shiha/ros2_ws/install/my_python_pkg/lib/python3.12/site-packages/my_python_pkg-0.0.0-py3.12.egg-info
[1.412s] running install_scripts
[1.523s] Installing my_node script to /home/shiha/ros2_ws/install/my_python_pkg/lib/my_python_pkg
[1.524s] Installing sim_aruco_sync script to /home/shiha/ros2_ws/install/my_python_pkg/lib/my_python_pkg
[1.525s] writing list of installed files to '/home/shiha/ros2_ws/build/my_python_pkg/install.log'
[1.577s] Invoked command in '/home/shiha/ros2_ws/src/my_python_pkg' returned '0': CONDA_PROMPT_MODIFIER=(base) PYTHONPATH=/home/shiha/ros2_ws/build/my_python_pkg/prefix_override:/usr/lib/python3/dist-packages/colcon_core/task/python/colcon_distutils_commands:/home/shiha/ros2_ws/install/my_python_pkg/lib/python3.12/site-packages:${PYTHONPATH} /usr/bin/python3 -W ignore:setup.py install is deprecated -W ignore:easy_install command is deprecated setup.py egg_info --egg-base ../../build/my_python_pkg build --build-base /home/shiha/ros2_ws/build/my_python_pkg/build install --record /home/shiha/ros2_ws/build/my_python_pkg/install.log --single-version-externally-managed install_data
